2014-06-14 18:39:16,685 - [INFO] - from play in pool-6338-thread-1 
Listening for HTTP on /0:0:0:0:0:0:0:0:9000

2014-06-14 18:40:07,863 - [ERROR] - from application in New I/O worker #1 


! @6igo2i239 - Internal server error, for (GET) [/] ->

play.PlayExceptions$CompilationException: Compilation error[error: cannot find symbol]
	at play.PlayExceptions$CompilationException$.apply(PlayExceptions.scala:27) ~[na:na]
	at play.PlayExceptions$CompilationException$.apply(PlayExceptions.scala:27) ~[na:na]
	at scala.Option.map(Option.scala:145) ~[scala-library-2.11.1.jar:na]
	at play.PlayReloader$$anon$1$$anonfun$play$PlayReloader$$anon$$taskFailureHandler$1.apply(PlayReloader.scala:297) ~[na:na]
	at play.PlayReloader$$anon$1$$anonfun$play$PlayReloader$$anon$$taskFailureHandler$1.apply(PlayReloader.scala:292) ~[na:na]
	at scala.Option.map(Option.scala:145) ~[scala-library-2.11.1.jar:na]
	at play.PlayReloader$$anon$1.play$PlayReloader$$anon$$taskFailureHandler(PlayReloader.scala:292) ~[na:na]
	at play.PlayReloader$$anon$1$$anonfun$reload$2.apply(PlayReloader.scala:325) ~[na:na]
	at play.PlayReloader$$anon$1$$anonfun$reload$2.apply(PlayReloader.scala:325) ~[na:na]
	at scala.util.Either$LeftProjection.map(Either.scala:377) ~[scala-library-2.11.1.jar:na]
	at play.PlayReloader$$anon$1.reload(PlayReloader.scala:325) ~[na:na]
	at play.core.ReloadableApplication$$anonfun$get$1.apply(ApplicationProvider.scala:107) ~[play_2.11-2.3.0.jar:2.3.0]
	at play.core.ReloadableApplication$$anonfun$get$1.apply(ApplicationProvider.scala:105) ~[play_2.11-2.3.0.jar:2.3.0]
	at scala.concurrent.impl.Future$PromiseCompletingRunnable.liftedTree1$1(Future.scala:24) ~[scala-library-2.11.1.jar:na]
	at scala.concurrent.impl.Future$PromiseCompletingRunnable.run(Future.scala:24) ~[scala-library-2.11.1.jar:na]
	at scala.concurrent.forkjoin.ForkJoinTask$AdaptedRunnableAction.exec(ForkJoinTask.java:1361) ~[scala-library-2.11.1.jar:na]
	at scala.concurrent.forkjoin.ForkJoinTask.doExec(ForkJoinTask.java:260) ~[scala-library-2.11.1.jar:na]
	at scala.concurrent.forkjoin.ForkJoinPool$WorkQueue.runTask(ForkJoinPool.java:1339) ~[scala-library-2.11.1.jar:na]
	at scala.concurrent.forkjoin.ForkJoinPool.runWorker(ForkJoinPool.java:1979) ~[scala-library-2.11.1.jar:na]
	at scala.concurrent.forkjoin.ForkJoinWorkerThread.run(ForkJoinWorkerThread.java:107) ~[scala-library-2.11.1.jar:na]

2014-06-14 18:40:08,254 - [WARN] - from play in New I/O worker #1 
No application found at invoker init

2014-06-14 18:40:41,870 - [INFO] - from play in play-internal-execution-context-1 
database [default] connected at jdbc:h2:mem:play

2014-06-14 18:40:43,854 - [ERROR] - from application in New I/O worker #1 


! @6igo2k3ae - Internal server error, for (GET) [/] ->

play.api.db.evolutions.InvalidDatabaseRevision: Database 'default' needs evolution![An SQL script need to be run on your database.]
	at play.api.db.evolutions.EvolutionsPlugin$$anonfun$onStart$1$$anonfun$apply$1.apply$mcV$sp(Evolutions.scala:510) ~[play-jdbc_2.11-2.3.0.jar:2.3.0]
	at play.api.db.evolutions.EvolutionsPlugin.withLock(Evolutions.scala:531) ~[play-jdbc_2.11-2.3.0.jar:2.3.0]
	at play.api.db.evolutions.EvolutionsPlugin$$anonfun$onStart$1.apply(Evolutions.scala:485) ~[play-jdbc_2.11-2.3.0.jar:2.3.0]
	at play.api.db.evolutions.EvolutionsPlugin$$anonfun$onStart$1.apply(Evolutions.scala:483) ~[play-jdbc_2.11-2.3.0.jar:2.3.0]
	at scala.collection.immutable.List.foreach(List.scala:383) ~[scala-library-2.11.1.jar:na]
	at play.api.db.evolutions.EvolutionsPlugin.onStart(Evolutions.scala:483) ~[play-jdbc_2.11-2.3.0.jar:2.3.0]
	at play.api.Play$$anonfun$start$1$$anonfun$apply$mcV$sp$1.apply(Play.scala:91) ~[play_2.11-2.3.0.jar:2.3.0]
	at play.api.Play$$anonfun$start$1$$anonfun$apply$mcV$sp$1.apply(Play.scala:91) ~[play_2.11-2.3.0.jar:2.3.0]
	at scala.collection.immutable.List.foreach(List.scala:383) ~[scala-library-2.11.1.jar:na]
	at play.api.Play$$anonfun$start$1.apply$mcV$sp(Play.scala:91) ~[play_2.11-2.3.0.jar:2.3.0]
	at play.api.Play$$anonfun$start$1.apply(Play.scala:91) ~[play_2.11-2.3.0.jar:2.3.0]
	at play.api.Play$$anonfun$start$1.apply(Play.scala:91) ~[play_2.11-2.3.0.jar:2.3.0]
	at play.utils.Threads$.withContextClassLoader(Threads.scala:21) ~[play_2.11-2.3.0.jar:2.3.0]
	at play.api.Play$.start(Play.scala:90) ~[play_2.11-2.3.0.jar:2.3.0]
	at play.core.ReloadableApplication$$anonfun$get$1$$anonfun$apply$1$$anonfun$1.apply(ApplicationProvider.scala:142) ~[play_2.11-2.3.0.jar:2.3.0]
	at play.core.ReloadableApplication$$anonfun$get$1$$anonfun$apply$1$$anonfun$1.apply(ApplicationProvider.scala:115) ~[play_2.11-2.3.0.jar:2.3.0]
	at scala.Option.map(Option.scala:145) ~[scala-library-2.11.1.jar:na]
	at play.core.ReloadableApplication$$anonfun$get$1$$anonfun$apply$1.apply(ApplicationProvider.scala:115) ~[play_2.11-2.3.0.jar:2.3.0]
	at play.core.ReloadableApplication$$anonfun$get$1$$anonfun$apply$1.apply(ApplicationProvider.scala:113) ~[play_2.11-2.3.0.jar:2.3.0]
	at scala.util.Success.flatMap(Try.scala:230) ~[scala-library-2.11.1.jar:na]
	at play.core.ReloadableApplication$$anonfun$get$1.apply(ApplicationProvider.scala:113) ~[play_2.11-2.3.0.jar:2.3.0]
	at play.core.ReloadableApplication$$anonfun$get$1.apply(ApplicationProvider.scala:105) ~[play_2.11-2.3.0.jar:2.3.0]
	at scala.concurrent.impl.Future$PromiseCompletingRunnable.liftedTree1$1(Future.scala:24) ~[scala-library-2.11.1.jar:na]
	at scala.concurrent.impl.Future$PromiseCompletingRunnable.run(Future.scala:24) ~[scala-library-2.11.1.jar:na]
	at scala.concurrent.forkjoin.ForkJoinTask$AdaptedRunnableAction.exec(ForkJoinTask.java:1361) ~[scala-library-2.11.1.jar:na]
	at scala.concurrent.forkjoin.ForkJoinTask.doExec(ForkJoinTask.java:260) ~[scala-library-2.11.1.jar:na]
	at scala.concurrent.forkjoin.ForkJoinPool$WorkQueue.runTask(ForkJoinPool.java:1339) ~[scala-library-2.11.1.jar:na]
	at scala.concurrent.forkjoin.ForkJoinPool.runWorker(ForkJoinPool.java:1979) ~[scala-library-2.11.1.jar:na]
	at scala.concurrent.forkjoin.ForkJoinWorkerThread.run(ForkJoinWorkerThread.java:107) ~[scala-library-2.11.1.jar:na]

2014-06-14 18:40:48,968 - [WARN] - from play in play-internal-execution-context-1 
Error stopping plugin
java.lang.NullPointerException: null
	at play.libs.ws.ning.NingWSPlugin.onStop(NingWSPlugin.java:31) ~[play-java-ws_2.11-2.3.0.jar:2.3.0]
	at play.api.Play$$anonfun$stop$1$$anonfun$apply$1$$anonfun$apply$mcV$sp$2.apply(Play.scala:108) [play_2.11-2.3.0.jar:2.3.0]
	at play.api.Play$$anonfun$stop$1$$anonfun$apply$1$$anonfun$apply$mcV$sp$2.apply(Play.scala:107) [play_2.11-2.3.0.jar:2.3.0]
	at scala.collection.immutable.List.foreach(List.scala:383) [scala-library-2.11.1.jar:na]
	at play.api.Play$$anonfun$stop$1$$anonfun$apply$1.apply$mcV$sp(Play.scala:107) [play_2.11-2.3.0.jar:2.3.0]
	at play.api.Play$$anonfun$stop$1$$anonfun$apply$1.apply(Play.scala:107) [play_2.11-2.3.0.jar:2.3.0]
	at play.api.Play$$anonfun$stop$1$$anonfun$apply$1.apply(Play.scala:107) [play_2.11-2.3.0.jar:2.3.0]
	at play.utils.Threads$.withContextClassLoader(Threads.scala:21) [play_2.11-2.3.0.jar:2.3.0]
	at play.api.Play$$anonfun$stop$1.apply(Play.scala:106) [play_2.11-2.3.0.jar:2.3.0]
	at play.api.Play$$anonfun$stop$1.apply(Play.scala:105) [play_2.11-2.3.0.jar:2.3.0]
	at scala.Option.map(Option.scala:145) [scala-library-2.11.1.jar:na]
	at play.api.Play$.stop(Play.scala:105) [play_2.11-2.3.0.jar:2.3.0]
	at play.core.ReloadableApplication$$anonfun$get$1$$anonfun$apply$1$$anonfun$1.apply(ApplicationProvider.scala:127) [play_2.11-2.3.0.jar:2.3.0]
	at play.core.ReloadableApplication$$anonfun$get$1$$anonfun$apply$1$$anonfun$1.apply(ApplicationProvider.scala:115) [play_2.11-2.3.0.jar:2.3.0]
	at scala.Option.map(Option.scala:145) [scala-library-2.11.1.jar:na]
	at play.core.ReloadableApplication$$anonfun$get$1$$anonfun$apply$1.apply(ApplicationProvider.scala:115) [play_2.11-2.3.0.jar:2.3.0]
	at play.core.ReloadableApplication$$anonfun$get$1$$anonfun$apply$1.apply(ApplicationProvider.scala:113) [play_2.11-2.3.0.jar:2.3.0]
	at scala.util.Success.flatMap(Try.scala:230) [scala-library-2.11.1.jar:na]
	at play.core.ReloadableApplication$$anonfun$get$1.apply(ApplicationProvider.scala:113) [play_2.11-2.3.0.jar:2.3.0]
	at play.core.ReloadableApplication$$anonfun$get$1.apply(ApplicationProvider.scala:105) [play_2.11-2.3.0.jar:2.3.0]
	at scala.concurrent.impl.Future$PromiseCompletingRunnable.liftedTree1$1(Future.scala:24) [scala-library-2.11.1.jar:na]
	at scala.concurrent.impl.Future$PromiseCompletingRunnable.run(Future.scala:24) [scala-library-2.11.1.jar:na]
	at scala.concurrent.forkjoin.ForkJoinTask$AdaptedRunnableAction.exec(ForkJoinTask.java:1361) [scala-library-2.11.1.jar:na]
	at scala.concurrent.forkjoin.ForkJoinTask.doExec(ForkJoinTask.java:260) [scala-library-2.11.1.jar:na]
	at scala.concurrent.forkjoin.ForkJoinPool$WorkQueue.runTask(ForkJoinPool.java:1339) [scala-library-2.11.1.jar:na]
	at scala.concurrent.forkjoin.ForkJoinPool.runWorker(ForkJoinPool.java:1979) [scala-library-2.11.1.jar:na]
	at scala.concurrent.forkjoin.ForkJoinWorkerThread.run(ForkJoinWorkerThread.java:107) [scala-library-2.11.1.jar:na]

2014-06-14 18:40:49,595 - [INFO] - from play in play-internal-execution-context-1 
database [default] connected at jdbc:h2:mem:play

2014-06-14 18:40:50,275 - [INFO] - from play in play-internal-execution-context-1 
Application started (Dev)

2014-06-14 18:40:52,799 - [INFO] - from play in play-internal-execution-context-1 
database [default] connected at jdbc:h2:mem:play

2014-06-14 18:40:52,908 - [INFO] - from play in play-internal-execution-context-1 
Application started (Dev)

2014-06-14 18:41:58,036 - [INFO] - from play in play-internal-execution-context-2 
database [default] connected at jdbc:h2:mem:play

2014-06-14 18:41:58,274 - [INFO] - from play in play-internal-execution-context-2 
Application started (Dev)

2014-06-14 18:41:59,213 - [INFO] - from play in play-internal-execution-context-2 
database [default] connected at jdbc:h2:mem:play

2014-06-14 18:41:59,489 - [INFO] - from play in play-internal-execution-context-2 
Application started (Dev)

2014-06-14 18:43:15,324 - [INFO] - from play in play-internal-execution-context-3 
database [default] connected at jdbc:h2:mem:play

2014-06-14 18:43:15,572 - [INFO] - from play in play-internal-execution-context-3 
Application started (Dev)

2014-06-14 18:43:16,426 - [INFO] - from play in play-internal-execution-context-3 
database [default] connected at jdbc:h2:mem:play

2014-06-14 18:43:16,548 - [INFO] - from play in play-internal-execution-context-3 
Application started (Dev)

2014-06-14 18:50:46,783 - [INFO] - from play in play-internal-execution-context-3 
database [default] connected at jdbc:h2:mem:play

2014-06-14 18:50:46,973 - [INFO] - from play in play-internal-execution-context-3 
Application started (Dev)

2014-06-14 18:50:47,691 - [INFO] - from play in play-internal-execution-context-3 
database [default] connected at jdbc:h2:mem:play

2014-06-14 18:50:47,792 - [INFO] - from play in play-internal-execution-context-3 
Application started (Dev)

2014-06-14 18:51:41,521 - [INFO] - from play in play-internal-execution-context-5 
database [default] connected at jdbc:h2:mem:play

2014-06-14 18:51:41,601 - [INFO] - from play in play-internal-execution-context-5 
Application started (Dev)

2014-06-14 18:51:42,244 - [INFO] - from play in play-internal-execution-context-5 
database [default] connected at jdbc:h2:mem:play

2014-06-14 18:51:42,335 - [INFO] - from play in play-internal-execution-context-5 
Application started (Dev)

2014-06-14 18:57:20,778 - [INFO] - from play in play-internal-execution-context-6 
database [default] connected at jdbc:h2:mem:play

2014-06-14 18:57:20,969 - [INFO] - from play in play-internal-execution-context-6 
Application started (Dev)

2014-06-14 18:57:21,966 - [INFO] - from play in play-internal-execution-context-6 
database [default] connected at jdbc:h2:mem:play

2014-06-14 18:57:22,046 - [INFO] - from play in play-internal-execution-context-6 
Application started (Dev)

2014-06-14 18:59:36,077 - [INFO] - from play in play-internal-execution-context-7 
database [default] connected at jdbc:h2:mem:play

2014-06-14 18:59:36,212 - [INFO] - from play in play-internal-execution-context-7 
Application started (Dev)

2014-06-14 18:59:37,009 - [INFO] - from play in play-internal-execution-context-7 
database [default] connected at jdbc:h2:mem:play

2014-06-14 18:59:37,410 - [INFO] - from play in play-internal-execution-context-7 
Application started (Dev)

2014-06-14 19:04:35,618 - [INFO] - from play in play-internal-execution-context-8 
database [default] connected at jdbc:h2:mem:play

2014-06-14 19:04:35,777 - [INFO] - from play in play-internal-execution-context-8 
Application started (Dev)

2014-06-14 19:04:36,493 - [INFO] - from play in play-internal-execution-context-8 
database [default] connected at jdbc:h2:mem:play

2014-06-14 19:04:36,578 - [INFO] - from play in play-internal-execution-context-8 
Application started (Dev)

2014-06-14 19:04:59,921 - [INFO] - from play in play-internal-execution-context-9 
database [default] connected at jdbc:h2:mem:play

2014-06-14 19:05:00,002 - [INFO] - from play in play-internal-execution-context-9 
Application started (Dev)

2014-06-14 19:05:00,329 - [INFO] - from play in play-internal-execution-context-10 
database [default] connected at jdbc:h2:mem:play

2014-06-14 19:05:00,398 - [INFO] - from play in play-internal-execution-context-10 
Application started (Dev)

2014-06-14 19:07:20,912 - [INFO] - from play in play-internal-execution-context-9 
database [default] connected at jdbc:h2:mem:play

2014-06-14 19:07:21,392 - [INFO] - from play in play-internal-execution-context-9 
Application started (Dev)

2014-06-14 19:07:22,108 - [INFO] - from play in play-internal-execution-context-9 
database [default] connected at jdbc:h2:mem:play

2014-06-14 19:07:22,179 - [INFO] - from play in play-internal-execution-context-9 
Application started (Dev)

2014-06-14 19:12:11,306 - [INFO] - from play in play-internal-execution-context-9 
database [default] connected at jdbc:h2:mem:play

2014-06-14 19:12:11,530 - [INFO] - from play in play-internal-execution-context-9 
Application started (Dev)

2014-06-14 19:12:12,760 - [INFO] - from play in play-internal-execution-context-9 
database [default] connected at jdbc:h2:mem:play

2014-06-14 19:12:12,903 - [INFO] - from play in play-internal-execution-context-9 
Application started (Dev)

2014-06-14 19:13:41,280 - [INFO] - from play in play-internal-execution-context-11 
database [default] connected at jdbc:h2:mem:play

2014-06-14 19:13:41,498 - [INFO] - from play in play-internal-execution-context-11 
Application started (Dev)

2014-06-14 19:13:42,272 - [INFO] - from play in play-internal-execution-context-11 
database [default] connected at jdbc:h2:mem:play

2014-06-14 19:13:42,382 - [INFO] - from play in play-internal-execution-context-11 
Application started (Dev)

2014-06-14 19:14:59,825 - [INFO] - from play in play-internal-execution-context-12 
database [default] connected at jdbc:h2:mem:play

2014-06-14 19:14:59,991 - [INFO] - from play in play-internal-execution-context-12 
Application started (Dev)

2014-06-14 19:15:00,689 - [INFO] - from play in play-internal-execution-context-12 
database [default] connected at jdbc:h2:mem:play

2014-06-14 19:15:00,930 - [INFO] - from play in play-internal-execution-context-12 
Application started (Dev)

2014-06-14 19:16:00,375 - [INFO] - from play in play-internal-execution-context-13 
database [default] connected at jdbc:h2:mem:play

2014-06-14 19:16:00,543 - [INFO] - from play in play-internal-execution-context-13 
Application started (Dev)

2014-06-14 19:16:01,728 - [INFO] - from play in play-internal-execution-context-13 
database [default] connected at jdbc:h2:mem:play

2014-06-14 19:16:01,826 - [INFO] - from play in play-internal-execution-context-13 
Application started (Dev)

2014-06-14 19:22:42,211 - [INFO] - from play in play-internal-execution-context-14 
database [default] connected at jdbc:h2:mem:play

2014-06-14 19:22:42,418 - [INFO] - from play in play-internal-execution-context-14 
Application started (Dev)

2014-06-14 19:22:43,307 - [INFO] - from play in play-internal-execution-context-14 
database [default] connected at jdbc:h2:mem:play

2014-06-14 19:22:43,398 - [INFO] - from play in play-internal-execution-context-14 
Application started (Dev)

2014-06-14 19:23:51,324 - [INFO] - from play in play-internal-execution-context-15 
database [default] connected at jdbc:h2:mem:play

2014-06-14 19:23:51,479 - [INFO] - from play in play-internal-execution-context-15 
Application started (Dev)

2014-06-14 19:23:52,495 - [INFO] - from play in play-internal-execution-context-15 
database [default] connected at jdbc:h2:mem:play

2014-06-14 19:23:52,607 - [INFO] - from play in play-internal-execution-context-15 
Application started (Dev)

2014-06-14 19:24:03,704 - [INFO] - from play in play-internal-execution-context-16 
database [default] connected at jdbc:h2:mem:play

2014-06-14 19:24:03,788 - [INFO] - from play in play-internal-execution-context-16 
Application started (Dev)

2014-06-14 19:24:04,542 - [INFO] - from play in play-internal-execution-context-16 
database [default] connected at jdbc:h2:mem:play

2014-06-14 19:24:04,752 - [INFO] - from play in play-internal-execution-context-16 
Application started (Dev)

2014-06-14 19:24:22,194 - [DEBUG] - from application in play-akka.actor.default-dispatcher-135 
Unforseen error for img/glyphicons-halflings.png at /public
java.lang.RuntimeException: no resource
	at controllers.Assets$$anonfun$controllers$Assets$$assetInfoFromResource$1$$anonfun$10.apply(Assets.scala:214) ~[play_2.11-2.3.0.jar:2.3.0]
	at controllers.Assets$$anonfun$controllers$Assets$$assetInfoFromResource$1$$anonfun$10.apply(Assets.scala:214) ~[play_2.11-2.3.0.jar:2.3.0]
	at scala.Option.getOrElse(Option.scala:120) [scala-library-2.11.1.jar:na]
	at controllers.Assets$$anonfun$controllers$Assets$$assetInfoFromResource$1.apply(Assets.scala:214) ~[play_2.11-2.3.0.jar:2.3.0]
	at controllers.Assets$$anonfun$controllers$Assets$$assetInfoFromResource$1.apply(Assets.scala:213) ~[play_2.11-2.3.0.jar:2.3.0]
	at akka.dispatch.MonitorableThreadFactory$AkkaForkJoinWorkerThread$$anon$3.block(ThreadPoolBuilder.scala:169) ~[akka-actor_2.11-2.3.3.jar:na]
	at scala.concurrent.forkjoin.ForkJoinPool.managedBlock(ForkJoinPool.java:3640) [scala-library-2.11.1.jar:na]
	at akka.dispatch.MonitorableThreadFactory$AkkaForkJoinWorkerThread.blockOn(ThreadPoolBuilder.scala:167) ~[akka-actor_2.11-2.3.3.jar:na]
	at scala.concurrent.package$.blocking(package.scala:54) ~[scala-library-2.11.1.jar:na]
	at controllers.Assets$.controllers$Assets$$assetInfoFromResource(Assets.scala:213) ~[play_2.11-2.3.0.jar:2.3.0]
	at controllers.Assets$.assetInfo(Assets.scala:222) ~[play_2.11-2.3.0.jar:2.3.0]
	at controllers.Assets$.assetInfoForRequest(Assets.scala:230) ~[play_2.11-2.3.0.jar:2.3.0]
	at controllers.AssetsBuilder$$anonfun$at$1$$anonfun$15.apply(Assets.scala:352) ~[play_2.11-2.3.0.jar:2.3.0]
	at controllers.AssetsBuilder$$anonfun$at$1$$anonfun$15.apply(Assets.scala:351) ~[play_2.11-2.3.0.jar:2.3.0]
	at scala.concurrent.Future$$anonfun$flatMap$1.apply(Future.scala:251) ~[scala-library-2.11.1.jar:na]
	at scala.concurrent.Future$$anonfun$flatMap$1.apply(Future.scala:249) ~[scala-library-2.11.1.jar:na]
	at scala.concurrent.impl.CallbackRunnable.run(Promise.scala:32) ~[scala-library-2.11.1.jar:na]
	at play.api.libs.iteratee.Execution$trampoline$.execute(Execution.scala:46) ~[play-iteratees_2.11-2.3.0.jar:2.3.0]
	at scala.concurrent.impl.CallbackRunnable.executeWithValue(Promise.scala:40) ~[scala-library-2.11.1.jar:na]
	at scala.concurrent.impl.Promise$DefaultPromise.scala$concurrent$impl$Promise$DefaultPromise$$dispatchOrAddCallback(Promise.scala:280) ~[scala-library-2.11.1.jar:na]
	at scala.concurrent.impl.Promise$DefaultPromise.onComplete(Promise.scala:270) ~[scala-library-2.11.1.jar:na]
	at scala.concurrent.Future$class.flatMap(Future.scala:249) ~[scala-library-2.11.1.jar:na]
	at scala.concurrent.impl.Promise$DefaultPromise.flatMap(Promise.scala:153) ~[scala-library-2.11.1.jar:na]
	at controllers.AssetsBuilder$$anonfun$at$1.apply(Assets.scala:351) [play_2.11-2.3.0.jar:2.3.0]
	at controllers.AssetsBuilder$$anonfun$at$1.apply(Assets.scala:347) [play_2.11-2.3.0.jar:2.3.0]
	at play.api.mvc.Action$.invokeBlock(Action.scala:556) [play_2.11-2.3.0.jar:2.3.0]
	at play.api.mvc.Action$.invokeBlock(Action.scala:555) [play_2.11-2.3.0.jar:2.3.0]
	at play.api.mvc.ActionBuilder$$anon$1.apply(Action.scala:518) [play_2.11-2.3.0.jar:2.3.0]
	at play.api.mvc.Action$$anonfun$apply$1$$anonfun$apply$4$$anonfun$apply$5.apply(Action.scala:130) [play_2.11-2.3.0.jar:2.3.0]
	at play.api.mvc.Action$$anonfun$apply$1$$anonfun$apply$4$$anonfun$apply$5.apply(Action.scala:130) [play_2.11-2.3.0.jar:2.3.0]
	at play.utils.Threads$.withContextClassLoader(Threads.scala:21) [play_2.11-2.3.0.jar:2.3.0]
	at play.api.mvc.Action$$anonfun$apply$1$$anonfun$apply$4.apply(Action.scala:129) [play_2.11-2.3.0.jar:2.3.0]
	at play.api.mvc.Action$$anonfun$apply$1$$anonfun$apply$4.apply(Action.scala:128) [play_2.11-2.3.0.jar:2.3.0]
	at scala.Option.map(Option.scala:145) [scala-library-2.11.1.jar:na]
	at play.api.mvc.Action$$anonfun$apply$1.apply(Action.scala:128) [play_2.11-2.3.0.jar:2.3.0]
	at play.api.mvc.Action$$anonfun$apply$1.apply(Action.scala:121) [play_2.11-2.3.0.jar:2.3.0]
	at play.api.libs.iteratee.DoneIteratee$$anonfun$mapM$2.apply(Iteratee.scala:705) [play-iteratees_2.11-2.3.0.jar:2.3.0]
	at play.api.libs.iteratee.DoneIteratee$$anonfun$mapM$2.apply(Iteratee.scala:705) [play-iteratees_2.11-2.3.0.jar:2.3.0]
	at scala.concurrent.impl.Future$PromiseCompletingRunnable.liftedTree1$1(Future.scala:24) [scala-library-2.11.1.jar:na]
	at scala.concurrent.impl.Future$PromiseCompletingRunnable.run(Future.scala:24) [scala-library-2.11.1.jar:na]
	at akka.dispatch.TaskInvocation.run(AbstractDispatcher.scala:41) [akka-actor_2.11-2.3.3.jar:na]
	at akka.dispatch.ForkJoinExecutorConfigurator$AkkaForkJoinTask.exec(AbstractDispatcher.scala:393) [akka-actor_2.11-2.3.3.jar:na]
	at scala.concurrent.forkjoin.ForkJoinTask.doExec(ForkJoinTask.java:260) [scala-library-2.11.1.jar:na]
	at scala.concurrent.forkjoin.ForkJoinPool$WorkQueue.runTask(ForkJoinPool.java:1339) [scala-library-2.11.1.jar:na]
	at scala.concurrent.forkjoin.ForkJoinPool.runWorker(ForkJoinPool.java:1979) [scala-library-2.11.1.jar:na]
	at scala.concurrent.forkjoin.ForkJoinWorkerThread.run(ForkJoinWorkerThread.java:107) [scala-library-2.11.1.jar:na]

2014-06-14 19:27:35,930 - [INFO] - from play in play-internal-execution-context-17 
database [default] connected at jdbc:h2:mem:play

2014-06-14 19:27:36,214 - [INFO] - from play in play-internal-execution-context-17 
Application started (Dev)

2014-06-14 19:41:39,420 - [INFO] - from play in play-internal-execution-context-18 
database [default] connected at jdbc:h2:mem:play

2014-06-14 19:41:39,967 - [INFO] - from play in play-internal-execution-context-18 
Application started (Dev)

2014-06-14 22:51:27,176 - [INFO] - from play in play-internal-execution-context-18 
database [default] connected at jdbc:h2:mem:play

2014-06-14 22:51:29,467 - [INFO] - from play in play-internal-execution-context-18 
Application started (Dev)

2014-06-14 22:51:31,299 - [INFO] - from play in play-internal-execution-context-18 
database [default] connected at jdbc:h2:mem:play

2014-06-14 22:51:31,380 - [INFO] - from play in play-internal-execution-context-18 
Application started (Dev)

2014-06-14 22:52:01,939 - [ERROR] - from application in New I/O worker #2 


! @6igp9k07b - Internal server error, for (GET) [/dardo/dashboard/] ->

play.PlayExceptions$CompilationException: Compilation error[value user is not a member of models.User]
	at play.PlayExceptions$CompilationException$.apply(PlayExceptions.scala:27) ~[na:na]
	at play.PlayExceptions$CompilationException$.apply(PlayExceptions.scala:27) ~[na:na]
	at scala.Option.map(Option.scala:145) ~[scala-library-2.11.1.jar:na]
	at play.PlayReloader$$anon$1$$anonfun$play$PlayReloader$$anon$$taskFailureHandler$1.apply(PlayReloader.scala:297) ~[na:na]
	at play.PlayReloader$$anon$1$$anonfun$play$PlayReloader$$anon$$taskFailureHandler$1.apply(PlayReloader.scala:292) ~[na:na]
	at scala.Option.map(Option.scala:145) ~[scala-library-2.11.1.jar:na]
	at play.PlayReloader$$anon$1.play$PlayReloader$$anon$$taskFailureHandler(PlayReloader.scala:292) ~[na:na]
	at play.PlayReloader$$anon$1$$anonfun$reload$2.apply(PlayReloader.scala:325) ~[na:na]
	at play.PlayReloader$$anon$1$$anonfun$reload$2.apply(PlayReloader.scala:325) ~[na:na]
	at scala.util.Either$LeftProjection.map(Either.scala:377) ~[scala-library-2.11.1.jar:na]
	at play.PlayReloader$$anon$1.reload(PlayReloader.scala:325) ~[na:na]
	at play.core.ReloadableApplication$$anonfun$get$1.apply(ApplicationProvider.scala:107) ~[play_2.11-2.3.0.jar:2.3.0]
	at play.core.ReloadableApplication$$anonfun$get$1.apply(ApplicationProvider.scala:105) ~[play_2.11-2.3.0.jar:2.3.0]
	at scala.concurrent.impl.Future$PromiseCompletingRunnable.liftedTree1$1(Future.scala:24) ~[scala-library-2.11.1.jar:na]
	at scala.concurrent.impl.Future$PromiseCompletingRunnable.run(Future.scala:24) ~[scala-library-2.11.1.jar:na]
	at scala.concurrent.forkjoin.ForkJoinTask$AdaptedRunnableAction.exec(ForkJoinTask.java:1361) ~[scala-library-2.11.1.jar:na]
	at scala.concurrent.forkjoin.ForkJoinTask.doExec(ForkJoinTask.java:260) ~[scala-library-2.11.1.jar:na]
	at scala.concurrent.forkjoin.ForkJoinPool$WorkQueue.runTask(ForkJoinPool.java:1339) ~[scala-library-2.11.1.jar:na]
	at scala.concurrent.forkjoin.ForkJoinPool.runWorker(ForkJoinPool.java:1979) ~[scala-library-2.11.1.jar:na]
	at scala.concurrent.forkjoin.ForkJoinWorkerThread.run(ForkJoinWorkerThread.java:107) ~[scala-library-2.11.1.jar:na]

2014-06-14 22:52:51,031 - [INFO] - from play in play-internal-execution-context-19 
database [default] connected at jdbc:h2:mem:play

2014-06-14 22:52:51,137 - [INFO] - from play in play-internal-execution-context-19 
Application started (Dev)

2014-06-14 22:52:51,646 - [INFO] - from play in play-internal-execution-context-19 
database [default] connected at jdbc:h2:mem:play

2014-06-14 22:52:51,718 - [INFO] - from play in play-internal-execution-context-19 
Application started (Dev)

2014-06-14 22:54:29,886 - [INFO] - from play in play-internal-execution-context-19 
database [default] connected at jdbc:h2:mem:play

2014-06-14 22:54:29,948 - [INFO] - from play in play-internal-execution-context-19 
Application started (Dev)

2014-06-14 22:54:30,431 - [INFO] - from play in play-internal-execution-context-19 
database [default] connected at jdbc:h2:mem:play

2014-06-14 22:54:30,518 - [INFO] - from play in play-internal-execution-context-19 
Application started (Dev)

2014-06-14 23:00:18,885 - [INFO] - from play in play-internal-execution-context-21 
database [default] connected at jdbc:h2:mem:play

2014-06-14 23:00:18,955 - [INFO] - from play in play-internal-execution-context-21 
Application started (Dev)

2014-06-14 23:00:19,412 - [INFO] - from play in play-internal-execution-context-21 
database [default] connected at jdbc:h2:mem:play

2014-06-14 23:00:19,483 - [INFO] - from play in play-internal-execution-context-21 
Application started (Dev)

2014-06-14 23:00:21,595 - [DEBUG] - from application in play-akka.actor.default-dispatcher-204 
Unforseen error for img/glyphicons-halflings.png at /public
java.lang.RuntimeException: no resource
	at controllers.Assets$$anonfun$controllers$Assets$$assetInfoFromResource$1$$anonfun$10.apply(Assets.scala:214) ~[play_2.11-2.3.0.jar:2.3.0]
	at controllers.Assets$$anonfun$controllers$Assets$$assetInfoFromResource$1$$anonfun$10.apply(Assets.scala:214) ~[play_2.11-2.3.0.jar:2.3.0]
	at scala.Option.getOrElse(Option.scala:120) [scala-library-2.11.1.jar:na]
	at controllers.Assets$$anonfun$controllers$Assets$$assetInfoFromResource$1.apply(Assets.scala:214) ~[play_2.11-2.3.0.jar:2.3.0]
	at controllers.Assets$$anonfun$controllers$Assets$$assetInfoFromResource$1.apply(Assets.scala:213) ~[play_2.11-2.3.0.jar:2.3.0]
	at akka.dispatch.MonitorableThreadFactory$AkkaForkJoinWorkerThread$$anon$3.block(ThreadPoolBuilder.scala:169) ~[akka-actor_2.11-2.3.3.jar:na]
	at scala.concurrent.forkjoin.ForkJoinPool.managedBlock(ForkJoinPool.java:3640) [scala-library-2.11.1.jar:na]
	at akka.dispatch.MonitorableThreadFactory$AkkaForkJoinWorkerThread.blockOn(ThreadPoolBuilder.scala:167) ~[akka-actor_2.11-2.3.3.jar:na]
	at scala.concurrent.package$.blocking(package.scala:54) ~[scala-library-2.11.1.jar:na]
	at controllers.Assets$.controllers$Assets$$assetInfoFromResource(Assets.scala:213) ~[play_2.11-2.3.0.jar:2.3.0]
	at controllers.Assets$.assetInfo(Assets.scala:222) ~[play_2.11-2.3.0.jar:2.3.0]
	at controllers.Assets$.assetInfoForRequest(Assets.scala:230) ~[play_2.11-2.3.0.jar:2.3.0]
	at controllers.AssetsBuilder$$anonfun$at$1$$anonfun$15.apply(Assets.scala:352) ~[play_2.11-2.3.0.jar:2.3.0]
	at controllers.AssetsBuilder$$anonfun$at$1$$anonfun$15.apply(Assets.scala:351) ~[play_2.11-2.3.0.jar:2.3.0]
	at scala.concurrent.Future$$anonfun$flatMap$1.apply(Future.scala:251) ~[scala-library-2.11.1.jar:na]
	at scala.concurrent.Future$$anonfun$flatMap$1.apply(Future.scala:249) ~[scala-library-2.11.1.jar:na]
	at scala.concurrent.impl.CallbackRunnable.run(Promise.scala:32) ~[scala-library-2.11.1.jar:na]
	at play.api.libs.iteratee.Execution$trampoline$.execute(Execution.scala:46) ~[play-iteratees_2.11-2.3.0.jar:2.3.0]
	at scala.concurrent.impl.CallbackRunnable.executeWithValue(Promise.scala:40) ~[scala-library-2.11.1.jar:na]
	at scala.concurrent.impl.Promise$DefaultPromise.scala$concurrent$impl$Promise$DefaultPromise$$dispatchOrAddCallback(Promise.scala:280) ~[scala-library-2.11.1.jar:na]
	at scala.concurrent.impl.Promise$DefaultPromise.onComplete(Promise.scala:270) ~[scala-library-2.11.1.jar:na]
	at scala.concurrent.Future$class.flatMap(Future.scala:249) ~[scala-library-2.11.1.jar:na]
	at scala.concurrent.impl.Promise$DefaultPromise.flatMap(Promise.scala:153) ~[scala-library-2.11.1.jar:na]
	at controllers.AssetsBuilder$$anonfun$at$1.apply(Assets.scala:351) [play_2.11-2.3.0.jar:2.3.0]
	at controllers.AssetsBuilder$$anonfun$at$1.apply(Assets.scala:347) [play_2.11-2.3.0.jar:2.3.0]
	at play.api.mvc.Action$.invokeBlock(Action.scala:556) [play_2.11-2.3.0.jar:2.3.0]
	at play.api.mvc.Action$.invokeBlock(Action.scala:555) [play_2.11-2.3.0.jar:2.3.0]
	at play.api.mvc.ActionBuilder$$anon$1.apply(Action.scala:518) [play_2.11-2.3.0.jar:2.3.0]
	at play.api.mvc.Action$$anonfun$apply$1$$anonfun$apply$4$$anonfun$apply$5.apply(Action.scala:130) [play_2.11-2.3.0.jar:2.3.0]
	at play.api.mvc.Action$$anonfun$apply$1$$anonfun$apply$4$$anonfun$apply$5.apply(Action.scala:130) [play_2.11-2.3.0.jar:2.3.0]
	at play.utils.Threads$.withContextClassLoader(Threads.scala:21) [play_2.11-2.3.0.jar:2.3.0]
	at play.api.mvc.Action$$anonfun$apply$1$$anonfun$apply$4.apply(Action.scala:129) [play_2.11-2.3.0.jar:2.3.0]
	at play.api.mvc.Action$$anonfun$apply$1$$anonfun$apply$4.apply(Action.scala:128) [play_2.11-2.3.0.jar:2.3.0]
	at scala.Option.map(Option.scala:145) [scala-library-2.11.1.jar:na]
	at play.api.mvc.Action$$anonfun$apply$1.apply(Action.scala:128) [play_2.11-2.3.0.jar:2.3.0]
	at play.api.mvc.Action$$anonfun$apply$1.apply(Action.scala:121) [play_2.11-2.3.0.jar:2.3.0]
	at play.api.libs.iteratee.DoneIteratee$$anonfun$mapM$2.apply(Iteratee.scala:705) [play-iteratees_2.11-2.3.0.jar:2.3.0]
	at play.api.libs.iteratee.DoneIteratee$$anonfun$mapM$2.apply(Iteratee.scala:705) [play-iteratees_2.11-2.3.0.jar:2.3.0]
	at scala.concurrent.impl.Future$PromiseCompletingRunnable.liftedTree1$1(Future.scala:24) [scala-library-2.11.1.jar:na]
	at scala.concurrent.impl.Future$PromiseCompletingRunnable.run(Future.scala:24) [scala-library-2.11.1.jar:na]
	at akka.dispatch.TaskInvocation.run(AbstractDispatcher.scala:41) [akka-actor_2.11-2.3.3.jar:na]
	at akka.dispatch.ForkJoinExecutorConfigurator$AkkaForkJoinTask.exec(AbstractDispatcher.scala:393) [akka-actor_2.11-2.3.3.jar:na]
	at scala.concurrent.forkjoin.ForkJoinTask.doExec(ForkJoinTask.java:260) [scala-library-2.11.1.jar:na]
	at scala.concurrent.forkjoin.ForkJoinPool$WorkQueue.runTask(ForkJoinPool.java:1339) [scala-library-2.11.1.jar:na]
	at scala.concurrent.forkjoin.ForkJoinPool.runWorker(ForkJoinPool.java:1979) [scala-library-2.11.1.jar:na]
	at scala.concurrent.forkjoin.ForkJoinWorkerThread.run(ForkJoinWorkerThread.java:107) [scala-library-2.11.1.jar:na]

2014-06-14 23:04:39,792 - [INFO] - from play in play-internal-execution-context-22 
database [default] connected at jdbc:h2:mem:play

2014-06-14 23:04:39,858 - [INFO] - from play in play-internal-execution-context-22 
Application started (Dev)

2014-06-14 23:04:40,304 - [INFO] - from play in play-internal-execution-context-22 
database [default] connected at jdbc:h2:mem:play

2014-06-14 23:04:40,376 - [INFO] - from play in play-internal-execution-context-22 
Application started (Dev)

2014-06-14 23:04:42,303 - [DEBUG] - from application in play-akka.actor.default-dispatcher-218 
Unforseen error for img/glyphicons-halflings.png at /public
java.lang.RuntimeException: no resource
	at controllers.Assets$$anonfun$controllers$Assets$$assetInfoFromResource$1$$anonfun$10.apply(Assets.scala:214) ~[play_2.11-2.3.0.jar:2.3.0]
	at controllers.Assets$$anonfun$controllers$Assets$$assetInfoFromResource$1$$anonfun$10.apply(Assets.scala:214) ~[play_2.11-2.3.0.jar:2.3.0]
	at scala.Option.getOrElse(Option.scala:120) [scala-library-2.11.1.jar:na]
	at controllers.Assets$$anonfun$controllers$Assets$$assetInfoFromResource$1.apply(Assets.scala:214) ~[play_2.11-2.3.0.jar:2.3.0]
	at controllers.Assets$$anonfun$controllers$Assets$$assetInfoFromResource$1.apply(Assets.scala:213) ~[play_2.11-2.3.0.jar:2.3.0]
	at akka.dispatch.MonitorableThreadFactory$AkkaForkJoinWorkerThread$$anon$3.block(ThreadPoolBuilder.scala:169) ~[akka-actor_2.11-2.3.3.jar:na]
	at scala.concurrent.forkjoin.ForkJoinPool.managedBlock(ForkJoinPool.java:3640) [scala-library-2.11.1.jar:na]
	at akka.dispatch.MonitorableThreadFactory$AkkaForkJoinWorkerThread.blockOn(ThreadPoolBuilder.scala:167) ~[akka-actor_2.11-2.3.3.jar:na]
	at scala.concurrent.package$.blocking(package.scala:54) ~[scala-library-2.11.1.jar:na]
	at controllers.Assets$.controllers$Assets$$assetInfoFromResource(Assets.scala:213) ~[play_2.11-2.3.0.jar:2.3.0]
	at controllers.Assets$.assetInfo(Assets.scala:222) ~[play_2.11-2.3.0.jar:2.3.0]
	at controllers.Assets$.assetInfoForRequest(Assets.scala:230) ~[play_2.11-2.3.0.jar:2.3.0]
	at controllers.AssetsBuilder$$anonfun$at$1$$anonfun$15.apply(Assets.scala:352) ~[play_2.11-2.3.0.jar:2.3.0]
	at controllers.AssetsBuilder$$anonfun$at$1$$anonfun$15.apply(Assets.scala:351) ~[play_2.11-2.3.0.jar:2.3.0]
	at scala.concurrent.Future$$anonfun$flatMap$1.apply(Future.scala:251) ~[scala-library-2.11.1.jar:na]
	at scala.concurrent.Future$$anonfun$flatMap$1.apply(Future.scala:249) ~[scala-library-2.11.1.jar:na]
	at scala.concurrent.impl.CallbackRunnable.run(Promise.scala:32) ~[scala-library-2.11.1.jar:na]
	at play.api.libs.iteratee.Execution$trampoline$.execute(Execution.scala:46) ~[play-iteratees_2.11-2.3.0.jar:2.3.0]
	at scala.concurrent.impl.CallbackRunnable.executeWithValue(Promise.scala:40) ~[scala-library-2.11.1.jar:na]
	at scala.concurrent.impl.Promise$DefaultPromise.scala$concurrent$impl$Promise$DefaultPromise$$dispatchOrAddCallback(Promise.scala:280) ~[scala-library-2.11.1.jar:na]
	at scala.concurrent.impl.Promise$DefaultPromise.onComplete(Promise.scala:270) ~[scala-library-2.11.1.jar:na]
	at scala.concurrent.Future$class.flatMap(Future.scala:249) ~[scala-library-2.11.1.jar:na]
	at scala.concurrent.impl.Promise$DefaultPromise.flatMap(Promise.scala:153) ~[scala-library-2.11.1.jar:na]
	at controllers.AssetsBuilder$$anonfun$at$1.apply(Assets.scala:351) [play_2.11-2.3.0.jar:2.3.0]
	at controllers.AssetsBuilder$$anonfun$at$1.apply(Assets.scala:347) [play_2.11-2.3.0.jar:2.3.0]
	at play.api.mvc.Action$.invokeBlock(Action.scala:556) [play_2.11-2.3.0.jar:2.3.0]
	at play.api.mvc.Action$.invokeBlock(Action.scala:555) [play_2.11-2.3.0.jar:2.3.0]
	at play.api.mvc.ActionBuilder$$anon$1.apply(Action.scala:518) [play_2.11-2.3.0.jar:2.3.0]
	at play.api.mvc.Action$$anonfun$apply$1$$anonfun$apply$4$$anonfun$apply$5.apply(Action.scala:130) [play_2.11-2.3.0.jar:2.3.0]
	at play.api.mvc.Action$$anonfun$apply$1$$anonfun$apply$4$$anonfun$apply$5.apply(Action.scala:130) [play_2.11-2.3.0.jar:2.3.0]
	at play.utils.Threads$.withContextClassLoader(Threads.scala:21) [play_2.11-2.3.0.jar:2.3.0]
	at play.api.mvc.Action$$anonfun$apply$1$$anonfun$apply$4.apply(Action.scala:129) [play_2.11-2.3.0.jar:2.3.0]
	at play.api.mvc.Action$$anonfun$apply$1$$anonfun$apply$4.apply(Action.scala:128) [play_2.11-2.3.0.jar:2.3.0]
	at scala.Option.map(Option.scala:145) [scala-library-2.11.1.jar:na]
	at play.api.mvc.Action$$anonfun$apply$1.apply(Action.scala:128) [play_2.11-2.3.0.jar:2.3.0]
	at play.api.mvc.Action$$anonfun$apply$1.apply(Action.scala:121) [play_2.11-2.3.0.jar:2.3.0]
	at play.api.libs.iteratee.DoneIteratee$$anonfun$mapM$2.apply(Iteratee.scala:705) [play-iteratees_2.11-2.3.0.jar:2.3.0]
	at play.api.libs.iteratee.DoneIteratee$$anonfun$mapM$2.apply(Iteratee.scala:705) [play-iteratees_2.11-2.3.0.jar:2.3.0]
	at scala.concurrent.impl.Future$PromiseCompletingRunnable.liftedTree1$1(Future.scala:24) [scala-library-2.11.1.jar:na]
	at scala.concurrent.impl.Future$PromiseCompletingRunnable.run(Future.scala:24) [scala-library-2.11.1.jar:na]
	at akka.dispatch.TaskInvocation.run(AbstractDispatcher.scala:41) [akka-actor_2.11-2.3.3.jar:na]
	at akka.dispatch.ForkJoinExecutorConfigurator$AkkaForkJoinTask.exec(AbstractDispatcher.scala:393) [akka-actor_2.11-2.3.3.jar:na]
	at scala.concurrent.forkjoin.ForkJoinTask.doExec(ForkJoinTask.java:260) [scala-library-2.11.1.jar:na]
	at scala.concurrent.forkjoin.ForkJoinPool$WorkQueue.runTask(ForkJoinPool.java:1339) [scala-library-2.11.1.jar:na]
	at scala.concurrent.forkjoin.ForkJoinPool.runWorker(ForkJoinPool.java:1979) [scala-library-2.11.1.jar:na]
	at scala.concurrent.forkjoin.ForkJoinWorkerThread.run(ForkJoinWorkerThread.java:107) [scala-library-2.11.1.jar:na]

2014-06-14 23:09:54,305 - [INFO] - from play in play-internal-execution-context-22 
database [default] connected at jdbc:h2:mem:play

2014-06-14 23:09:54,387 - [INFO] - from play in play-internal-execution-context-22 
Application started (Dev)

2014-06-14 23:09:54,801 - [INFO] - from play in play-internal-execution-context-22 
database [default] connected at jdbc:h2:mem:play

2014-06-14 23:09:54,870 - [INFO] - from play in play-internal-execution-context-22 
Application started (Dev)

2014-06-14 23:09:55,021 - [DEBUG] - from application in play-akka.actor.default-dispatcher-220 
Unforseen error for images/icon/file_pdf.png%20alt= at /public
java.lang.RuntimeException: no resource
	at controllers.Assets$$anonfun$controllers$Assets$$assetInfoFromResource$1$$anonfun$10.apply(Assets.scala:214) ~[play_2.11-2.3.0.jar:2.3.0]
	at controllers.Assets$$anonfun$controllers$Assets$$assetInfoFromResource$1$$anonfun$10.apply(Assets.scala:214) ~[play_2.11-2.3.0.jar:2.3.0]
	at scala.Option.getOrElse(Option.scala:120) [scala-library-2.11.1.jar:na]
	at controllers.Assets$$anonfun$controllers$Assets$$assetInfoFromResource$1.apply(Assets.scala:214) ~[play_2.11-2.3.0.jar:2.3.0]
	at controllers.Assets$$anonfun$controllers$Assets$$assetInfoFromResource$1.apply(Assets.scala:213) ~[play_2.11-2.3.0.jar:2.3.0]
	at akka.dispatch.MonitorableThreadFactory$AkkaForkJoinWorkerThread$$anon$3.block(ThreadPoolBuilder.scala:169) ~[akka-actor_2.11-2.3.3.jar:na]
	at scala.concurrent.forkjoin.ForkJoinPool.managedBlock(ForkJoinPool.java:3640) [scala-library-2.11.1.jar:na]
	at akka.dispatch.MonitorableThreadFactory$AkkaForkJoinWorkerThread.blockOn(ThreadPoolBuilder.scala:167) ~[akka-actor_2.11-2.3.3.jar:na]
	at scala.concurrent.package$.blocking(package.scala:54) ~[scala-library-2.11.1.jar:na]
	at controllers.Assets$.controllers$Assets$$assetInfoFromResource(Assets.scala:213) ~[play_2.11-2.3.0.jar:2.3.0]
	at controllers.Assets$.assetInfo(Assets.scala:222) ~[play_2.11-2.3.0.jar:2.3.0]
	at controllers.Assets$.assetInfoForRequest(Assets.scala:230) ~[play_2.11-2.3.0.jar:2.3.0]
	at controllers.AssetsBuilder$$anonfun$at$1$$anonfun$15.apply(Assets.scala:352) ~[play_2.11-2.3.0.jar:2.3.0]
	at controllers.AssetsBuilder$$anonfun$at$1$$anonfun$15.apply(Assets.scala:351) ~[play_2.11-2.3.0.jar:2.3.0]
	at scala.concurrent.Future$$anonfun$flatMap$1.apply(Future.scala:251) ~[scala-library-2.11.1.jar:na]
	at scala.concurrent.Future$$anonfun$flatMap$1.apply(Future.scala:249) ~[scala-library-2.11.1.jar:na]
	at scala.concurrent.impl.CallbackRunnable.run(Promise.scala:32) ~[scala-library-2.11.1.jar:na]
	at play.api.libs.iteratee.Execution$trampoline$.execute(Execution.scala:46) ~[play-iteratees_2.11-2.3.0.jar:2.3.0]
	at scala.concurrent.impl.CallbackRunnable.executeWithValue(Promise.scala:40) ~[scala-library-2.11.1.jar:na]
	at scala.concurrent.impl.Promise$DefaultPromise.scala$concurrent$impl$Promise$DefaultPromise$$dispatchOrAddCallback(Promise.scala:280) ~[scala-library-2.11.1.jar:na]
	at scala.concurrent.impl.Promise$DefaultPromise.onComplete(Promise.scala:270) ~[scala-library-2.11.1.jar:na]
	at scala.concurrent.Future$class.flatMap(Future.scala:249) ~[scala-library-2.11.1.jar:na]
	at scala.concurrent.impl.Promise$DefaultPromise.flatMap(Promise.scala:153) ~[scala-library-2.11.1.jar:na]
	at controllers.AssetsBuilder$$anonfun$at$1.apply(Assets.scala:351) [play_2.11-2.3.0.jar:2.3.0]
	at controllers.AssetsBuilder$$anonfun$at$1.apply(Assets.scala:347) [play_2.11-2.3.0.jar:2.3.0]
	at play.api.mvc.Action$.invokeBlock(Action.scala:556) [play_2.11-2.3.0.jar:2.3.0]
	at play.api.mvc.Action$.invokeBlock(Action.scala:555) [play_2.11-2.3.0.jar:2.3.0]
	at play.api.mvc.ActionBuilder$$anon$1.apply(Action.scala:518) [play_2.11-2.3.0.jar:2.3.0]
	at play.api.mvc.Action$$anonfun$apply$1$$anonfun$apply$4$$anonfun$apply$5.apply(Action.scala:130) [play_2.11-2.3.0.jar:2.3.0]
	at play.api.mvc.Action$$anonfun$apply$1$$anonfun$apply$4$$anonfun$apply$5.apply(Action.scala:130) [play_2.11-2.3.0.jar:2.3.0]
	at play.utils.Threads$.withContextClassLoader(Threads.scala:21) [play_2.11-2.3.0.jar:2.3.0]
	at play.api.mvc.Action$$anonfun$apply$1$$anonfun$apply$4.apply(Action.scala:129) [play_2.11-2.3.0.jar:2.3.0]
	at play.api.mvc.Action$$anonfun$apply$1$$anonfun$apply$4.apply(Action.scala:128) [play_2.11-2.3.0.jar:2.3.0]
	at scala.Option.map(Option.scala:145) [scala-library-2.11.1.jar:na]
	at play.api.mvc.Action$$anonfun$apply$1.apply(Action.scala:128) [play_2.11-2.3.0.jar:2.3.0]
	at play.api.mvc.Action$$anonfun$apply$1.apply(Action.scala:121) [play_2.11-2.3.0.jar:2.3.0]
	at play.api.libs.iteratee.DoneIteratee$$anonfun$mapM$2.apply(Iteratee.scala:705) [play-iteratees_2.11-2.3.0.jar:2.3.0]
	at play.api.libs.iteratee.DoneIteratee$$anonfun$mapM$2.apply(Iteratee.scala:705) [play-iteratees_2.11-2.3.0.jar:2.3.0]
	at scala.concurrent.impl.Future$PromiseCompletingRunnable.liftedTree1$1(Future.scala:24) [scala-library-2.11.1.jar:na]
	at scala.concurrent.impl.Future$PromiseCompletingRunnable.run(Future.scala:24) [scala-library-2.11.1.jar:na]
	at akka.dispatch.TaskInvocation.run(AbstractDispatcher.scala:41) [akka-actor_2.11-2.3.3.jar:na]
	at akka.dispatch.ForkJoinExecutorConfigurator$AkkaForkJoinTask.exec(AbstractDispatcher.scala:393) [akka-actor_2.11-2.3.3.jar:na]
	at scala.concurrent.forkjoin.ForkJoinTask.doExec(ForkJoinTask.java:260) [scala-library-2.11.1.jar:na]
	at scala.concurrent.forkjoin.ForkJoinPool$WorkQueue.runTask(ForkJoinPool.java:1339) [scala-library-2.11.1.jar:na]
	at scala.concurrent.forkjoin.ForkJoinPool.runWorker(ForkJoinPool.java:1979) [scala-library-2.11.1.jar:na]
	at scala.concurrent.forkjoin.ForkJoinWorkerThread.run(ForkJoinWorkerThread.java:107) [scala-library-2.11.1.jar:na]

2014-06-14 23:09:55,023 - [DEBUG] - from application in play-akka.actor.default-dispatcher-222 
Unforseen error for images/icon/file_jpg.png%20alt= at /public
java.lang.RuntimeException: no resource
	at controllers.Assets$$anonfun$controllers$Assets$$assetInfoFromResource$1$$anonfun$10.apply(Assets.scala:214) ~[play_2.11-2.3.0.jar:2.3.0]
	at controllers.Assets$$anonfun$controllers$Assets$$assetInfoFromResource$1$$anonfun$10.apply(Assets.scala:214) ~[play_2.11-2.3.0.jar:2.3.0]
	at scala.Option.getOrElse(Option.scala:120) [scala-library-2.11.1.jar:na]
	at controllers.Assets$$anonfun$controllers$Assets$$assetInfoFromResource$1.apply(Assets.scala:214) ~[play_2.11-2.3.0.jar:2.3.0]
	at controllers.Assets$$anonfun$controllers$Assets$$assetInfoFromResource$1.apply(Assets.scala:213) ~[play_2.11-2.3.0.jar:2.3.0]
	at akka.dispatch.MonitorableThreadFactory$AkkaForkJoinWorkerThread$$anon$3.block(ThreadPoolBuilder.scala:169) ~[akka-actor_2.11-2.3.3.jar:na]
	at scala.concurrent.forkjoin.ForkJoinPool.managedBlock(ForkJoinPool.java:3640) [scala-library-2.11.1.jar:na]
	at akka.dispatch.MonitorableThreadFactory$AkkaForkJoinWorkerThread.blockOn(ThreadPoolBuilder.scala:167) ~[akka-actor_2.11-2.3.3.jar:na]
	at scala.concurrent.package$.blocking(package.scala:54) ~[scala-library-2.11.1.jar:na]
	at controllers.Assets$.controllers$Assets$$assetInfoFromResource(Assets.scala:213) ~[play_2.11-2.3.0.jar:2.3.0]
	at controllers.Assets$.assetInfo(Assets.scala:222) ~[play_2.11-2.3.0.jar:2.3.0]
	at controllers.Assets$.assetInfoForRequest(Assets.scala:230) ~[play_2.11-2.3.0.jar:2.3.0]
	at controllers.AssetsBuilder$$anonfun$at$1$$anonfun$15.apply(Assets.scala:352) ~[play_2.11-2.3.0.jar:2.3.0]
	at controllers.AssetsBuilder$$anonfun$at$1$$anonfun$15.apply(Assets.scala:351) ~[play_2.11-2.3.0.jar:2.3.0]
	at scala.concurrent.Future$$anonfun$flatMap$1.apply(Future.scala:251) ~[scala-library-2.11.1.jar:na]
	at scala.concurrent.Future$$anonfun$flatMap$1.apply(Future.scala:249) ~[scala-library-2.11.1.jar:na]
	at scala.concurrent.impl.CallbackRunnable.run(Promise.scala:32) ~[scala-library-2.11.1.jar:na]
	at play.api.libs.iteratee.Execution$trampoline$.execute(Execution.scala:46) ~[play-iteratees_2.11-2.3.0.jar:2.3.0]
	at scala.concurrent.impl.CallbackRunnable.executeWithValue(Promise.scala:40) ~[scala-library-2.11.1.jar:na]
	at scala.concurrent.impl.Promise$DefaultPromise.scala$concurrent$impl$Promise$DefaultPromise$$dispatchOrAddCallback(Promise.scala:280) ~[scala-library-2.11.1.jar:na]
	at scala.concurrent.impl.Promise$DefaultPromise.onComplete(Promise.scala:270) ~[scala-library-2.11.1.jar:na]
	at scala.concurrent.Future$class.flatMap(Future.scala:249) ~[scala-library-2.11.1.jar:na]
	at scala.concurrent.impl.Promise$DefaultPromise.flatMap(Promise.scala:153) ~[scala-library-2.11.1.jar:na]
	at controllers.AssetsBuilder$$anonfun$at$1.apply(Assets.scala:351) [play_2.11-2.3.0.jar:2.3.0]
	at controllers.AssetsBuilder$$anonfun$at$1.apply(Assets.scala:347) [play_2.11-2.3.0.jar:2.3.0]
	at play.api.mvc.Action$.invokeBlock(Action.scala:556) [play_2.11-2.3.0.jar:2.3.0]
	at play.api.mvc.Action$.invokeBlock(Action.scala:555) [play_2.11-2.3.0.jar:2.3.0]
	at play.api.mvc.ActionBuilder$$anon$1.apply(Action.scala:518) [play_2.11-2.3.0.jar:2.3.0]
	at play.api.mvc.Action$$anonfun$apply$1$$anonfun$apply$4$$anonfun$apply$5.apply(Action.scala:130) [play_2.11-2.3.0.jar:2.3.0]
	at play.api.mvc.Action$$anonfun$apply$1$$anonfun$apply$4$$anonfun$apply$5.apply(Action.scala:130) [play_2.11-2.3.0.jar:2.3.0]
	at play.utils.Threads$.withContextClassLoader(Threads.scala:21) [play_2.11-2.3.0.jar:2.3.0]
	at play.api.mvc.Action$$anonfun$apply$1$$anonfun$apply$4.apply(Action.scala:129) [play_2.11-2.3.0.jar:2.3.0]
	at play.api.mvc.Action$$anonfun$apply$1$$anonfun$apply$4.apply(Action.scala:128) [play_2.11-2.3.0.jar:2.3.0]
	at scala.Option.map(Option.scala:145) [scala-library-2.11.1.jar:na]
	at play.api.mvc.Action$$anonfun$apply$1.apply(Action.scala:128) [play_2.11-2.3.0.jar:2.3.0]
	at play.api.mvc.Action$$anonfun$apply$1.apply(Action.scala:121) [play_2.11-2.3.0.jar:2.3.0]
	at play.api.libs.iteratee.DoneIteratee$$anonfun$mapM$2.apply(Iteratee.scala:705) [play-iteratees_2.11-2.3.0.jar:2.3.0]
	at play.api.libs.iteratee.DoneIteratee$$anonfun$mapM$2.apply(Iteratee.scala:705) [play-iteratees_2.11-2.3.0.jar:2.3.0]
	at scala.concurrent.impl.Future$PromiseCompletingRunnable.liftedTree1$1(Future.scala:24) [scala-library-2.11.1.jar:na]
	at scala.concurrent.impl.Future$PromiseCompletingRunnable.run(Future.scala:24) [scala-library-2.11.1.jar:na]
	at akka.dispatch.TaskInvocation.run(AbstractDispatcher.scala:41) [akka-actor_2.11-2.3.3.jar:na]
	at akka.dispatch.ForkJoinExecutorConfigurator$AkkaForkJoinTask.exec(AbstractDispatcher.scala:393) [akka-actor_2.11-2.3.3.jar:na]
	at scala.concurrent.forkjoin.ForkJoinTask.doExec(ForkJoinTask.java:260) [scala-library-2.11.1.jar:na]
	at scala.concurrent.forkjoin.ForkJoinPool$WorkQueue.runTask(ForkJoinPool.java:1339) [scala-library-2.11.1.jar:na]
	at scala.concurrent.forkjoin.ForkJoinPool.runWorker(ForkJoinPool.java:1979) [scala-library-2.11.1.jar:na]
	at scala.concurrent.forkjoin.ForkJoinWorkerThread.run(ForkJoinWorkerThread.java:107) [scala-library-2.11.1.jar:na]

2014-06-14 23:09:55,318 - [DEBUG] - from application in play-akka.actor.default-dispatcher-225 
Unforseen error for img/glyphicons-halflings.png at /public
java.lang.RuntimeException: no resource
	at controllers.Assets$$anonfun$controllers$Assets$$assetInfoFromResource$1$$anonfun$10.apply(Assets.scala:214) ~[play_2.11-2.3.0.jar:2.3.0]
	at controllers.Assets$$anonfun$controllers$Assets$$assetInfoFromResource$1$$anonfun$10.apply(Assets.scala:214) ~[play_2.11-2.3.0.jar:2.3.0]
	at scala.Option.getOrElse(Option.scala:120) [scala-library-2.11.1.jar:na]
	at controllers.Assets$$anonfun$controllers$Assets$$assetInfoFromResource$1.apply(Assets.scala:214) ~[play_2.11-2.3.0.jar:2.3.0]
	at controllers.Assets$$anonfun$controllers$Assets$$assetInfoFromResource$1.apply(Assets.scala:213) ~[play_2.11-2.3.0.jar:2.3.0]
	at akka.dispatch.MonitorableThreadFactory$AkkaForkJoinWorkerThread$$anon$3.block(ThreadPoolBuilder.scala:169) ~[akka-actor_2.11-2.3.3.jar:na]
	at scala.concurrent.forkjoin.ForkJoinPool.managedBlock(ForkJoinPool.java:3640) [scala-library-2.11.1.jar:na]
	at akka.dispatch.MonitorableThreadFactory$AkkaForkJoinWorkerThread.blockOn(ThreadPoolBuilder.scala:167) ~[akka-actor_2.11-2.3.3.jar:na]
	at scala.concurrent.package$.blocking(package.scala:54) ~[scala-library-2.11.1.jar:na]
	at controllers.Assets$.controllers$Assets$$assetInfoFromResource(Assets.scala:213) ~[play_2.11-2.3.0.jar:2.3.0]
	at controllers.Assets$.assetInfo(Assets.scala:222) ~[play_2.11-2.3.0.jar:2.3.0]
	at controllers.Assets$.assetInfoForRequest(Assets.scala:230) ~[play_2.11-2.3.0.jar:2.3.0]
	at controllers.AssetsBuilder$$anonfun$at$1$$anonfun$15.apply(Assets.scala:352) ~[play_2.11-2.3.0.jar:2.3.0]
	at controllers.AssetsBuilder$$anonfun$at$1$$anonfun$15.apply(Assets.scala:351) ~[play_2.11-2.3.0.jar:2.3.0]
	at scala.concurrent.Future$$anonfun$flatMap$1.apply(Future.scala:251) ~[scala-library-2.11.1.jar:na]
	at scala.concurrent.Future$$anonfun$flatMap$1.apply(Future.scala:249) ~[scala-library-2.11.1.jar:na]
	at scala.concurrent.impl.CallbackRunnable.run(Promise.scala:32) ~[scala-library-2.11.1.jar:na]
	at play.api.libs.iteratee.Execution$trampoline$.execute(Execution.scala:46) ~[play-iteratees_2.11-2.3.0.jar:2.3.0]
	at scala.concurrent.impl.CallbackRunnable.executeWithValue(Promise.scala:40) ~[scala-library-2.11.1.jar:na]
	at scala.concurrent.impl.Promise$DefaultPromise.scala$concurrent$impl$Promise$DefaultPromise$$dispatchOrAddCallback(Promise.scala:280) ~[scala-library-2.11.1.jar:na]
	at scala.concurrent.impl.Promise$DefaultPromise.onComplete(Promise.scala:270) ~[scala-library-2.11.1.jar:na]
	at scala.concurrent.Future$class.flatMap(Future.scala:249) ~[scala-library-2.11.1.jar:na]
	at scala.concurrent.impl.Promise$DefaultPromise.flatMap(Promise.scala:153) ~[scala-library-2.11.1.jar:na]
	at controllers.AssetsBuilder$$anonfun$at$1.apply(Assets.scala:351) [play_2.11-2.3.0.jar:2.3.0]
	at controllers.AssetsBuilder$$anonfun$at$1.apply(Assets.scala:347) [play_2.11-2.3.0.jar:2.3.0]
	at play.api.mvc.Action$.invokeBlock(Action.scala:556) [play_2.11-2.3.0.jar:2.3.0]
	at play.api.mvc.Action$.invokeBlock(Action.scala:555) [play_2.11-2.3.0.jar:2.3.0]
	at play.api.mvc.ActionBuilder$$anon$1.apply(Action.scala:518) [play_2.11-2.3.0.jar:2.3.0]
	at play.api.mvc.Action$$anonfun$apply$1$$anonfun$apply$4$$anonfun$apply$5.apply(Action.scala:130) [play_2.11-2.3.0.jar:2.3.0]
	at play.api.mvc.Action$$anonfun$apply$1$$anonfun$apply$4$$anonfun$apply$5.apply(Action.scala:130) [play_2.11-2.3.0.jar:2.3.0]
	at play.utils.Threads$.withContextClassLoader(Threads.scala:21) [play_2.11-2.3.0.jar:2.3.0]
	at play.api.mvc.Action$$anonfun$apply$1$$anonfun$apply$4.apply(Action.scala:129) [play_2.11-2.3.0.jar:2.3.0]
	at play.api.mvc.Action$$anonfun$apply$1$$anonfun$apply$4.apply(Action.scala:128) [play_2.11-2.3.0.jar:2.3.0]
	at scala.Option.map(Option.scala:145) [scala-library-2.11.1.jar:na]
	at play.api.mvc.Action$$anonfun$apply$1.apply(Action.scala:128) [play_2.11-2.3.0.jar:2.3.0]
	at play.api.mvc.Action$$anonfun$apply$1.apply(Action.scala:121) [play_2.11-2.3.0.jar:2.3.0]
	at play.api.libs.iteratee.DoneIteratee$$anonfun$mapM$2.apply(Iteratee.scala:705) [play-iteratees_2.11-2.3.0.jar:2.3.0]
	at play.api.libs.iteratee.DoneIteratee$$anonfun$mapM$2.apply(Iteratee.scala:705) [play-iteratees_2.11-2.3.0.jar:2.3.0]
	at scala.concurrent.impl.Future$PromiseCompletingRunnable.liftedTree1$1(Future.scala:24) [scala-library-2.11.1.jar:na]
	at scala.concurrent.impl.Future$PromiseCompletingRunnable.run(Future.scala:24) [scala-library-2.11.1.jar:na]
	at akka.dispatch.TaskInvocation.run(AbstractDispatcher.scala:41) [akka-actor_2.11-2.3.3.jar:na]
	at akka.dispatch.ForkJoinExecutorConfigurator$AkkaForkJoinTask.exec(AbstractDispatcher.scala:393) [akka-actor_2.11-2.3.3.jar:na]
	at scala.concurrent.forkjoin.ForkJoinTask.doExec(ForkJoinTask.java:260) [scala-library-2.11.1.jar:na]
	at scala.concurrent.forkjoin.ForkJoinPool$WorkQueue.runTask(ForkJoinPool.java:1339) [scala-library-2.11.1.jar:na]
	at scala.concurrent.forkjoin.ForkJoinPool.runWorker(ForkJoinPool.java:1979) [scala-library-2.11.1.jar:na]
	at scala.concurrent.forkjoin.ForkJoinWorkerThread.run(ForkJoinWorkerThread.java:107) [scala-library-2.11.1.jar:na]

2014-06-14 23:10:44,239 - [INFO] - from play in play-internal-execution-context-24 
database [default] connected at jdbc:h2:mem:play

2014-06-14 23:10:44,311 - [INFO] - from play in play-internal-execution-context-24 
Application started (Dev)

2014-06-14 23:10:44,731 - [INFO] - from play in play-internal-execution-context-24 
database [default] connected at jdbc:h2:mem:play

2014-06-14 23:10:44,805 - [INFO] - from play in play-internal-execution-context-24 
Application started (Dev)

2014-06-14 23:10:45,122 - [DEBUG] - from application in play-akka.actor.default-dispatcher-230 
Unforseen error for img/glyphicons-halflings.png at /public
java.lang.RuntimeException: no resource
	at controllers.Assets$$anonfun$controllers$Assets$$assetInfoFromResource$1$$anonfun$10.apply(Assets.scala:214) ~[play_2.11-2.3.0.jar:2.3.0]
	at controllers.Assets$$anonfun$controllers$Assets$$assetInfoFromResource$1$$anonfun$10.apply(Assets.scala:214) ~[play_2.11-2.3.0.jar:2.3.0]
	at scala.Option.getOrElse(Option.scala:120) [scala-library-2.11.1.jar:na]
	at controllers.Assets$$anonfun$controllers$Assets$$assetInfoFromResource$1.apply(Assets.scala:214) ~[play_2.11-2.3.0.jar:2.3.0]
	at controllers.Assets$$anonfun$controllers$Assets$$assetInfoFromResource$1.apply(Assets.scala:213) ~[play_2.11-2.3.0.jar:2.3.0]
	at akka.dispatch.MonitorableThreadFactory$AkkaForkJoinWorkerThread$$anon$3.block(ThreadPoolBuilder.scala:169) ~[akka-actor_2.11-2.3.3.jar:na]
	at scala.concurrent.forkjoin.ForkJoinPool.managedBlock(ForkJoinPool.java:3640) [scala-library-2.11.1.jar:na]
	at akka.dispatch.MonitorableThreadFactory$AkkaForkJoinWorkerThread.blockOn(ThreadPoolBuilder.scala:167) ~[akka-actor_2.11-2.3.3.jar:na]
	at scala.concurrent.package$.blocking(package.scala:54) ~[scala-library-2.11.1.jar:na]
	at controllers.Assets$.controllers$Assets$$assetInfoFromResource(Assets.scala:213) ~[play_2.11-2.3.0.jar:2.3.0]
	at controllers.Assets$.assetInfo(Assets.scala:222) ~[play_2.11-2.3.0.jar:2.3.0]
	at controllers.Assets$.assetInfoForRequest(Assets.scala:230) ~[play_2.11-2.3.0.jar:2.3.0]
	at controllers.AssetsBuilder$$anonfun$at$1$$anonfun$15.apply(Assets.scala:352) ~[play_2.11-2.3.0.jar:2.3.0]
	at controllers.AssetsBuilder$$anonfun$at$1$$anonfun$15.apply(Assets.scala:351) ~[play_2.11-2.3.0.jar:2.3.0]
	at scala.concurrent.Future$$anonfun$flatMap$1.apply(Future.scala:251) ~[scala-library-2.11.1.jar:na]
	at scala.concurrent.Future$$anonfun$flatMap$1.apply(Future.scala:249) ~[scala-library-2.11.1.jar:na]
	at scala.concurrent.impl.CallbackRunnable.run(Promise.scala:32) ~[scala-library-2.11.1.jar:na]
	at play.api.libs.iteratee.Execution$trampoline$.execute(Execution.scala:46) ~[play-iteratees_2.11-2.3.0.jar:2.3.0]
	at scala.concurrent.impl.CallbackRunnable.executeWithValue(Promise.scala:40) ~[scala-library-2.11.1.jar:na]
	at scala.concurrent.impl.Promise$DefaultPromise.scala$concurrent$impl$Promise$DefaultPromise$$dispatchOrAddCallback(Promise.scala:280) ~[scala-library-2.11.1.jar:na]
	at scala.concurrent.impl.Promise$DefaultPromise.onComplete(Promise.scala:270) ~[scala-library-2.11.1.jar:na]
	at scala.concurrent.Future$class.flatMap(Future.scala:249) ~[scala-library-2.11.1.jar:na]
	at scala.concurrent.impl.Promise$DefaultPromise.flatMap(Promise.scala:153) ~[scala-library-2.11.1.jar:na]
	at controllers.AssetsBuilder$$anonfun$at$1.apply(Assets.scala:351) [play_2.11-2.3.0.jar:2.3.0]
	at controllers.AssetsBuilder$$anonfun$at$1.apply(Assets.scala:347) [play_2.11-2.3.0.jar:2.3.0]
	at play.api.mvc.Action$.invokeBlock(Action.scala:556) [play_2.11-2.3.0.jar:2.3.0]
	at play.api.mvc.Action$.invokeBlock(Action.scala:555) [play_2.11-2.3.0.jar:2.3.0]
	at play.api.mvc.ActionBuilder$$anon$1.apply(Action.scala:518) [play_2.11-2.3.0.jar:2.3.0]
	at play.api.mvc.Action$$anonfun$apply$1$$anonfun$apply$4$$anonfun$apply$5.apply(Action.scala:130) [play_2.11-2.3.0.jar:2.3.0]
	at play.api.mvc.Action$$anonfun$apply$1$$anonfun$apply$4$$anonfun$apply$5.apply(Action.scala:130) [play_2.11-2.3.0.jar:2.3.0]
	at play.utils.Threads$.withContextClassLoader(Threads.scala:21) [play_2.11-2.3.0.jar:2.3.0]
	at play.api.mvc.Action$$anonfun$apply$1$$anonfun$apply$4.apply(Action.scala:129) [play_2.11-2.3.0.jar:2.3.0]
	at play.api.mvc.Action$$anonfun$apply$1$$anonfun$apply$4.apply(Action.scala:128) [play_2.11-2.3.0.jar:2.3.0]
	at scala.Option.map(Option.scala:145) [scala-library-2.11.1.jar:na]
	at play.api.mvc.Action$$anonfun$apply$1.apply(Action.scala:128) [play_2.11-2.3.0.jar:2.3.0]
	at play.api.mvc.Action$$anonfun$apply$1.apply(Action.scala:121) [play_2.11-2.3.0.jar:2.3.0]
	at play.api.libs.iteratee.DoneIteratee$$anonfun$mapM$2.apply(Iteratee.scala:705) [play-iteratees_2.11-2.3.0.jar:2.3.0]
	at play.api.libs.iteratee.DoneIteratee$$anonfun$mapM$2.apply(Iteratee.scala:705) [play-iteratees_2.11-2.3.0.jar:2.3.0]
	at scala.concurrent.impl.Future$PromiseCompletingRunnable.liftedTree1$1(Future.scala:24) [scala-library-2.11.1.jar:na]
	at scala.concurrent.impl.Future$PromiseCompletingRunnable.run(Future.scala:24) [scala-library-2.11.1.jar:na]
	at akka.dispatch.TaskInvocation.run(AbstractDispatcher.scala:41) [akka-actor_2.11-2.3.3.jar:na]
	at akka.dispatch.ForkJoinExecutorConfigurator$AkkaForkJoinTask.exec(AbstractDispatcher.scala:393) [akka-actor_2.11-2.3.3.jar:na]
	at scala.concurrent.forkjoin.ForkJoinTask.doExec(ForkJoinTask.java:260) [scala-library-2.11.1.jar:na]
	at scala.concurrent.forkjoin.ForkJoinPool$WorkQueue.runTask(ForkJoinPool.java:1339) [scala-library-2.11.1.jar:na]
	at scala.concurrent.forkjoin.ForkJoinPool.runWorker(ForkJoinPool.java:1979) [scala-library-2.11.1.jar:na]
	at scala.concurrent.forkjoin.ForkJoinWorkerThread.run(ForkJoinWorkerThread.java:107) [scala-library-2.11.1.jar:na]

2014-06-14 23:13:19,094 - [INFO] - from play in play-internal-execution-context-25 
database [default] connected at jdbc:h2:mem:play

2014-06-14 23:13:19,164 - [INFO] - from play in play-internal-execution-context-25 
Application started (Dev)

2014-06-14 23:13:19,587 - [INFO] - from play in play-internal-execution-context-25 
database [default] connected at jdbc:h2:mem:play

2014-06-14 23:13:19,695 - [INFO] - from play in play-internal-execution-context-25 
Application started (Dev)

2014-06-14 23:13:20,026 - [DEBUG] - from application in play-akka.actor.default-dispatcher-224 
Unforseen error for img/glyphicons-halflings.png at /public
java.lang.RuntimeException: no resource
	at controllers.Assets$$anonfun$controllers$Assets$$assetInfoFromResource$1$$anonfun$10.apply(Assets.scala:214) ~[play_2.11-2.3.0.jar:2.3.0]
	at controllers.Assets$$anonfun$controllers$Assets$$assetInfoFromResource$1$$anonfun$10.apply(Assets.scala:214) ~[play_2.11-2.3.0.jar:2.3.0]
	at scala.Option.getOrElse(Option.scala:120) [scala-library-2.11.1.jar:na]
	at controllers.Assets$$anonfun$controllers$Assets$$assetInfoFromResource$1.apply(Assets.scala:214) ~[play_2.11-2.3.0.jar:2.3.0]
	at controllers.Assets$$anonfun$controllers$Assets$$assetInfoFromResource$1.apply(Assets.scala:213) ~[play_2.11-2.3.0.jar:2.3.0]
	at akka.dispatch.MonitorableThreadFactory$AkkaForkJoinWorkerThread$$anon$3.block(ThreadPoolBuilder.scala:169) ~[akka-actor_2.11-2.3.3.jar:na]
	at scala.concurrent.forkjoin.ForkJoinPool.managedBlock(ForkJoinPool.java:3640) [scala-library-2.11.1.jar:na]
	at akka.dispatch.MonitorableThreadFactory$AkkaForkJoinWorkerThread.blockOn(ThreadPoolBuilder.scala:167) ~[akka-actor_2.11-2.3.3.jar:na]
	at scala.concurrent.package$.blocking(package.scala:54) ~[scala-library-2.11.1.jar:na]
	at controllers.Assets$.controllers$Assets$$assetInfoFromResource(Assets.scala:213) ~[play_2.11-2.3.0.jar:2.3.0]
	at controllers.Assets$.assetInfo(Assets.scala:222) ~[play_2.11-2.3.0.jar:2.3.0]
	at controllers.Assets$.assetInfoForRequest(Assets.scala:230) ~[play_2.11-2.3.0.jar:2.3.0]
	at controllers.AssetsBuilder$$anonfun$at$1$$anonfun$15.apply(Assets.scala:352) ~[play_2.11-2.3.0.jar:2.3.0]
	at controllers.AssetsBuilder$$anonfun$at$1$$anonfun$15.apply(Assets.scala:351) ~[play_2.11-2.3.0.jar:2.3.0]
	at scala.concurrent.Future$$anonfun$flatMap$1.apply(Future.scala:251) ~[scala-library-2.11.1.jar:na]
	at scala.concurrent.Future$$anonfun$flatMap$1.apply(Future.scala:249) ~[scala-library-2.11.1.jar:na]
	at scala.concurrent.impl.CallbackRunnable.run(Promise.scala:32) ~[scala-library-2.11.1.jar:na]
	at play.api.libs.iteratee.Execution$trampoline$.execute(Execution.scala:46) ~[play-iteratees_2.11-2.3.0.jar:2.3.0]
	at scala.concurrent.impl.CallbackRunnable.executeWithValue(Promise.scala:40) ~[scala-library-2.11.1.jar:na]
	at scala.concurrent.impl.Promise$DefaultPromise.scala$concurrent$impl$Promise$DefaultPromise$$dispatchOrAddCallback(Promise.scala:280) ~[scala-library-2.11.1.jar:na]
	at scala.concurrent.impl.Promise$DefaultPromise.onComplete(Promise.scala:270) ~[scala-library-2.11.1.jar:na]
	at scala.concurrent.Future$class.flatMap(Future.scala:249) ~[scala-library-2.11.1.jar:na]
	at scala.concurrent.impl.Promise$DefaultPromise.flatMap(Promise.scala:153) ~[scala-library-2.11.1.jar:na]
	at controllers.AssetsBuilder$$anonfun$at$1.apply(Assets.scala:351) [play_2.11-2.3.0.jar:2.3.0]
	at controllers.AssetsBuilder$$anonfun$at$1.apply(Assets.scala:347) [play_2.11-2.3.0.jar:2.3.0]
	at play.api.mvc.Action$.invokeBlock(Action.scala:556) [play_2.11-2.3.0.jar:2.3.0]
	at play.api.mvc.Action$.invokeBlock(Action.scala:555) [play_2.11-2.3.0.jar:2.3.0]
	at play.api.mvc.ActionBuilder$$anon$1.apply(Action.scala:518) [play_2.11-2.3.0.jar:2.3.0]
	at play.api.mvc.Action$$anonfun$apply$1$$anonfun$apply$4$$anonfun$apply$5.apply(Action.scala:130) [play_2.11-2.3.0.jar:2.3.0]
	at play.api.mvc.Action$$anonfun$apply$1$$anonfun$apply$4$$anonfun$apply$5.apply(Action.scala:130) [play_2.11-2.3.0.jar:2.3.0]
	at play.utils.Threads$.withContextClassLoader(Threads.scala:21) [play_2.11-2.3.0.jar:2.3.0]
	at play.api.mvc.Action$$anonfun$apply$1$$anonfun$apply$4.apply(Action.scala:129) [play_2.11-2.3.0.jar:2.3.0]
	at play.api.mvc.Action$$anonfun$apply$1$$anonfun$apply$4.apply(Action.scala:128) [play_2.11-2.3.0.jar:2.3.0]
	at scala.Option.map(Option.scala:145) [scala-library-2.11.1.jar:na]
	at play.api.mvc.Action$$anonfun$apply$1.apply(Action.scala:128) [play_2.11-2.3.0.jar:2.3.0]
	at play.api.mvc.Action$$anonfun$apply$1.apply(Action.scala:121) [play_2.11-2.3.0.jar:2.3.0]
	at play.api.libs.iteratee.DoneIteratee$$anonfun$mapM$2.apply(Iteratee.scala:705) [play-iteratees_2.11-2.3.0.jar:2.3.0]
	at play.api.libs.iteratee.DoneIteratee$$anonfun$mapM$2.apply(Iteratee.scala:705) [play-iteratees_2.11-2.3.0.jar:2.3.0]
	at scala.concurrent.impl.Future$PromiseCompletingRunnable.liftedTree1$1(Future.scala:24) [scala-library-2.11.1.jar:na]
	at scala.concurrent.impl.Future$PromiseCompletingRunnable.run(Future.scala:24) [scala-library-2.11.1.jar:na]
	at akka.dispatch.TaskInvocation.run(AbstractDispatcher.scala:41) [akka-actor_2.11-2.3.3.jar:na]
	at akka.dispatch.ForkJoinExecutorConfigurator$AkkaForkJoinTask.exec(AbstractDispatcher.scala:393) [akka-actor_2.11-2.3.3.jar:na]
	at scala.concurrent.forkjoin.ForkJoinTask.doExec(ForkJoinTask.java:260) [scala-library-2.11.1.jar:na]
	at scala.concurrent.forkjoin.ForkJoinPool$WorkQueue.runTask(ForkJoinPool.java:1339) [scala-library-2.11.1.jar:na]
	at scala.concurrent.forkjoin.ForkJoinPool.runWorker(ForkJoinPool.java:1979) [scala-library-2.11.1.jar:na]
	at scala.concurrent.forkjoin.ForkJoinWorkerThread.run(ForkJoinWorkerThread.java:107) [scala-library-2.11.1.jar:na]

2014-06-14 23:14:08,693 - [INFO] - from play in play-internal-execution-context-26 
database [default] connected at jdbc:h2:mem:play

2014-06-14 23:14:08,765 - [INFO] - from play in play-internal-execution-context-26 
Application started (Dev)

2014-06-14 23:14:09,285 - [INFO] - from play in play-internal-execution-context-26 
database [default] connected at jdbc:h2:mem:play

2014-06-14 23:14:09,378 - [INFO] - from play in play-internal-execution-context-26 
Application started (Dev)

2014-06-14 23:14:09,697 - [DEBUG] - from application in play-akka.actor.default-dispatcher-243 
Unforseen error for img/glyphicons-halflings.png at /public
java.lang.RuntimeException: no resource
	at controllers.Assets$$anonfun$controllers$Assets$$assetInfoFromResource$1$$anonfun$10.apply(Assets.scala:214) ~[play_2.11-2.3.0.jar:2.3.0]
	at controllers.Assets$$anonfun$controllers$Assets$$assetInfoFromResource$1$$anonfun$10.apply(Assets.scala:214) ~[play_2.11-2.3.0.jar:2.3.0]
	at scala.Option.getOrElse(Option.scala:120) [scala-library-2.11.1.jar:na]
	at controllers.Assets$$anonfun$controllers$Assets$$assetInfoFromResource$1.apply(Assets.scala:214) ~[play_2.11-2.3.0.jar:2.3.0]
	at controllers.Assets$$anonfun$controllers$Assets$$assetInfoFromResource$1.apply(Assets.scala:213) ~[play_2.11-2.3.0.jar:2.3.0]
	at akka.dispatch.MonitorableThreadFactory$AkkaForkJoinWorkerThread$$anon$3.block(ThreadPoolBuilder.scala:169) ~[akka-actor_2.11-2.3.3.jar:na]
	at scala.concurrent.forkjoin.ForkJoinPool.managedBlock(ForkJoinPool.java:3640) [scala-library-2.11.1.jar:na]
	at akka.dispatch.MonitorableThreadFactory$AkkaForkJoinWorkerThread.blockOn(ThreadPoolBuilder.scala:167) ~[akka-actor_2.11-2.3.3.jar:na]
	at scala.concurrent.package$.blocking(package.scala:54) ~[scala-library-2.11.1.jar:na]
	at controllers.Assets$.controllers$Assets$$assetInfoFromResource(Assets.scala:213) ~[play_2.11-2.3.0.jar:2.3.0]
	at controllers.Assets$.assetInfo(Assets.scala:222) ~[play_2.11-2.3.0.jar:2.3.0]
	at controllers.Assets$.assetInfoForRequest(Assets.scala:230) ~[play_2.11-2.3.0.jar:2.3.0]
	at controllers.AssetsBuilder$$anonfun$at$1$$anonfun$15.apply(Assets.scala:352) ~[play_2.11-2.3.0.jar:2.3.0]
	at controllers.AssetsBuilder$$anonfun$at$1$$anonfun$15.apply(Assets.scala:351) ~[play_2.11-2.3.0.jar:2.3.0]
	at scala.concurrent.Future$$anonfun$flatMap$1.apply(Future.scala:251) ~[scala-library-2.11.1.jar:na]
	at scala.concurrent.Future$$anonfun$flatMap$1.apply(Future.scala:249) ~[scala-library-2.11.1.jar:na]
	at scala.concurrent.impl.CallbackRunnable.run(Promise.scala:32) ~[scala-library-2.11.1.jar:na]
	at play.api.libs.iteratee.Execution$trampoline$.execute(Execution.scala:46) ~[play-iteratees_2.11-2.3.0.jar:2.3.0]
	at scala.concurrent.impl.CallbackRunnable.executeWithValue(Promise.scala:40) ~[scala-library-2.11.1.jar:na]
	at scala.concurrent.impl.Promise$DefaultPromise.scala$concurrent$impl$Promise$DefaultPromise$$dispatchOrAddCallback(Promise.scala:280) ~[scala-library-2.11.1.jar:na]
	at scala.concurrent.impl.Promise$DefaultPromise.onComplete(Promise.scala:270) ~[scala-library-2.11.1.jar:na]
	at scala.concurrent.Future$class.flatMap(Future.scala:249) ~[scala-library-2.11.1.jar:na]
	at scala.concurrent.impl.Promise$DefaultPromise.flatMap(Promise.scala:153) ~[scala-library-2.11.1.jar:na]
	at controllers.AssetsBuilder$$anonfun$at$1.apply(Assets.scala:351) [play_2.11-2.3.0.jar:2.3.0]
	at controllers.AssetsBuilder$$anonfun$at$1.apply(Assets.scala:347) [play_2.11-2.3.0.jar:2.3.0]
	at play.api.mvc.Action$.invokeBlock(Action.scala:556) [play_2.11-2.3.0.jar:2.3.0]
	at play.api.mvc.Action$.invokeBlock(Action.scala:555) [play_2.11-2.3.0.jar:2.3.0]
	at play.api.mvc.ActionBuilder$$anon$1.apply(Action.scala:518) [play_2.11-2.3.0.jar:2.3.0]
	at play.api.mvc.Action$$anonfun$apply$1$$anonfun$apply$4$$anonfun$apply$5.apply(Action.scala:130) [play_2.11-2.3.0.jar:2.3.0]
	at play.api.mvc.Action$$anonfun$apply$1$$anonfun$apply$4$$anonfun$apply$5.apply(Action.scala:130) [play_2.11-2.3.0.jar:2.3.0]
	at play.utils.Threads$.withContextClassLoader(Threads.scala:21) [play_2.11-2.3.0.jar:2.3.0]
	at play.api.mvc.Action$$anonfun$apply$1$$anonfun$apply$4.apply(Action.scala:129) [play_2.11-2.3.0.jar:2.3.0]
	at play.api.mvc.Action$$anonfun$apply$1$$anonfun$apply$4.apply(Action.scala:128) [play_2.11-2.3.0.jar:2.3.0]
	at scala.Option.map(Option.scala:145) [scala-library-2.11.1.jar:na]
	at play.api.mvc.Action$$anonfun$apply$1.apply(Action.scala:128) [play_2.11-2.3.0.jar:2.3.0]
	at play.api.mvc.Action$$anonfun$apply$1.apply(Action.scala:121) [play_2.11-2.3.0.jar:2.3.0]
	at play.api.libs.iteratee.DoneIteratee$$anonfun$mapM$2.apply(Iteratee.scala:705) [play-iteratees_2.11-2.3.0.jar:2.3.0]
	at play.api.libs.iteratee.DoneIteratee$$anonfun$mapM$2.apply(Iteratee.scala:705) [play-iteratees_2.11-2.3.0.jar:2.3.0]
	at scala.concurrent.impl.Future$PromiseCompletingRunnable.liftedTree1$1(Future.scala:24) [scala-library-2.11.1.jar:na]
	at scala.concurrent.impl.Future$PromiseCompletingRunnable.run(Future.scala:24) [scala-library-2.11.1.jar:na]
	at akka.dispatch.TaskInvocation.run(AbstractDispatcher.scala:41) [akka-actor_2.11-2.3.3.jar:na]
	at akka.dispatch.ForkJoinExecutorConfigurator$AkkaForkJoinTask.exec(AbstractDispatcher.scala:393) [akka-actor_2.11-2.3.3.jar:na]
	at scala.concurrent.forkjoin.ForkJoinTask.doExec(ForkJoinTask.java:260) [scala-library-2.11.1.jar:na]
	at scala.concurrent.forkjoin.ForkJoinPool$WorkQueue.runTask(ForkJoinPool.java:1339) [scala-library-2.11.1.jar:na]
	at scala.concurrent.forkjoin.ForkJoinPool.runWorker(ForkJoinPool.java:1979) [scala-library-2.11.1.jar:na]
	at scala.concurrent.forkjoin.ForkJoinWorkerThread.run(ForkJoinWorkerThread.java:107) [scala-library-2.11.1.jar:na]

2014-06-14 23:17:52,498 - [INFO] - from play in play-internal-execution-context-26 
database [default] connected at jdbc:h2:mem:play

2014-06-14 23:17:52,570 - [INFO] - from play in play-internal-execution-context-26 
Application started (Dev)

2014-06-14 23:17:53,160 - [INFO] - from play in play-internal-execution-context-26 
database [default] connected at jdbc:h2:mem:play

2014-06-14 23:17:53,227 - [INFO] - from play in play-internal-execution-context-26 
Application started (Dev)

2014-06-14 23:17:58,687 - [DEBUG] - from application in play-akka.actor.default-dispatcher-251 
Unforseen error for img/glyphicons-halflings.png at /public
java.lang.RuntimeException: no resource
	at controllers.Assets$$anonfun$controllers$Assets$$assetInfoFromResource$1$$anonfun$10.apply(Assets.scala:214) ~[play_2.11-2.3.0.jar:2.3.0]
	at controllers.Assets$$anonfun$controllers$Assets$$assetInfoFromResource$1$$anonfun$10.apply(Assets.scala:214) ~[play_2.11-2.3.0.jar:2.3.0]
	at scala.Option.getOrElse(Option.scala:120) [scala-library-2.11.1.jar:na]
	at controllers.Assets$$anonfun$controllers$Assets$$assetInfoFromResource$1.apply(Assets.scala:214) ~[play_2.11-2.3.0.jar:2.3.0]
	at controllers.Assets$$anonfun$controllers$Assets$$assetInfoFromResource$1.apply(Assets.scala:213) ~[play_2.11-2.3.0.jar:2.3.0]
	at akka.dispatch.MonitorableThreadFactory$AkkaForkJoinWorkerThread$$anon$3.block(ThreadPoolBuilder.scala:169) ~[akka-actor_2.11-2.3.3.jar:na]
	at scala.concurrent.forkjoin.ForkJoinPool.managedBlock(ForkJoinPool.java:3640) [scala-library-2.11.1.jar:na]
	at akka.dispatch.MonitorableThreadFactory$AkkaForkJoinWorkerThread.blockOn(ThreadPoolBuilder.scala:167) ~[akka-actor_2.11-2.3.3.jar:na]
	at scala.concurrent.package$.blocking(package.scala:54) ~[scala-library-2.11.1.jar:na]
	at controllers.Assets$.controllers$Assets$$assetInfoFromResource(Assets.scala:213) ~[play_2.11-2.3.0.jar:2.3.0]
	at controllers.Assets$.assetInfo(Assets.scala:222) ~[play_2.11-2.3.0.jar:2.3.0]
	at controllers.Assets$.assetInfoForRequest(Assets.scala:230) ~[play_2.11-2.3.0.jar:2.3.0]
	at controllers.AssetsBuilder$$anonfun$at$1$$anonfun$15.apply(Assets.scala:352) ~[play_2.11-2.3.0.jar:2.3.0]
	at controllers.AssetsBuilder$$anonfun$at$1$$anonfun$15.apply(Assets.scala:351) ~[play_2.11-2.3.0.jar:2.3.0]
	at scala.concurrent.Future$$anonfun$flatMap$1.apply(Future.scala:251) ~[scala-library-2.11.1.jar:na]
	at scala.concurrent.Future$$anonfun$flatMap$1.apply(Future.scala:249) ~[scala-library-2.11.1.jar:na]
	at scala.concurrent.impl.CallbackRunnable.run(Promise.scala:32) ~[scala-library-2.11.1.jar:na]
	at play.api.libs.iteratee.Execution$trampoline$.execute(Execution.scala:46) ~[play-iteratees_2.11-2.3.0.jar:2.3.0]
	at scala.concurrent.impl.CallbackRunnable.executeWithValue(Promise.scala:40) ~[scala-library-2.11.1.jar:na]
	at scala.concurrent.impl.Promise$DefaultPromise.scala$concurrent$impl$Promise$DefaultPromise$$dispatchOrAddCallback(Promise.scala:280) ~[scala-library-2.11.1.jar:na]
	at scala.concurrent.impl.Promise$DefaultPromise.onComplete(Promise.scala:270) ~[scala-library-2.11.1.jar:na]
	at scala.concurrent.Future$class.flatMap(Future.scala:249) ~[scala-library-2.11.1.jar:na]
	at scala.concurrent.impl.Promise$DefaultPromise.flatMap(Promise.scala:153) ~[scala-library-2.11.1.jar:na]
	at controllers.AssetsBuilder$$anonfun$at$1.apply(Assets.scala:351) [play_2.11-2.3.0.jar:2.3.0]
	at controllers.AssetsBuilder$$anonfun$at$1.apply(Assets.scala:347) [play_2.11-2.3.0.jar:2.3.0]
	at play.api.mvc.Action$.invokeBlock(Action.scala:556) [play_2.11-2.3.0.jar:2.3.0]
	at play.api.mvc.Action$.invokeBlock(Action.scala:555) [play_2.11-2.3.0.jar:2.3.0]
	at play.api.mvc.ActionBuilder$$anon$1.apply(Action.scala:518) [play_2.11-2.3.0.jar:2.3.0]
	at play.api.mvc.Action$$anonfun$apply$1$$anonfun$apply$4$$anonfun$apply$5.apply(Action.scala:130) [play_2.11-2.3.0.jar:2.3.0]
	at play.api.mvc.Action$$anonfun$apply$1$$anonfun$apply$4$$anonfun$apply$5.apply(Action.scala:130) [play_2.11-2.3.0.jar:2.3.0]
	at play.utils.Threads$.withContextClassLoader(Threads.scala:21) [play_2.11-2.3.0.jar:2.3.0]
	at play.api.mvc.Action$$anonfun$apply$1$$anonfun$apply$4.apply(Action.scala:129) [play_2.11-2.3.0.jar:2.3.0]
	at play.api.mvc.Action$$anonfun$apply$1$$anonfun$apply$4.apply(Action.scala:128) [play_2.11-2.3.0.jar:2.3.0]
	at scala.Option.map(Option.scala:145) [scala-library-2.11.1.jar:na]
	at play.api.mvc.Action$$anonfun$apply$1.apply(Action.scala:128) [play_2.11-2.3.0.jar:2.3.0]
	at play.api.mvc.Action$$anonfun$apply$1.apply(Action.scala:121) [play_2.11-2.3.0.jar:2.3.0]
	at play.api.libs.iteratee.DoneIteratee$$anonfun$mapM$2.apply(Iteratee.scala:705) [play-iteratees_2.11-2.3.0.jar:2.3.0]
	at play.api.libs.iteratee.DoneIteratee$$anonfun$mapM$2.apply(Iteratee.scala:705) [play-iteratees_2.11-2.3.0.jar:2.3.0]
	at scala.concurrent.impl.Future$PromiseCompletingRunnable.liftedTree1$1(Future.scala:24) [scala-library-2.11.1.jar:na]
	at scala.concurrent.impl.Future$PromiseCompletingRunnable.run(Future.scala:24) [scala-library-2.11.1.jar:na]
	at akka.dispatch.TaskInvocation.run(AbstractDispatcher.scala:41) [akka-actor_2.11-2.3.3.jar:na]
	at akka.dispatch.ForkJoinExecutorConfigurator$AkkaForkJoinTask.exec(AbstractDispatcher.scala:393) [akka-actor_2.11-2.3.3.jar:na]
	at scala.concurrent.forkjoin.ForkJoinTask.doExec(ForkJoinTask.java:260) [scala-library-2.11.1.jar:na]
	at scala.concurrent.forkjoin.ForkJoinPool$WorkQueue.runTask(ForkJoinPool.java:1339) [scala-library-2.11.1.jar:na]
	at scala.concurrent.forkjoin.ForkJoinPool.runWorker(ForkJoinPool.java:1979) [scala-library-2.11.1.jar:na]
	at scala.concurrent.forkjoin.ForkJoinWorkerThread.run(ForkJoinWorkerThread.java:107) [scala-library-2.11.1.jar:na]

2014-06-14 23:18:26,387 - [INFO] - from play in play-internal-execution-context-28 
database [default] connected at jdbc:h2:mem:play

2014-06-14 23:18:26,471 - [INFO] - from play in play-internal-execution-context-28 
Application started (Dev)

2014-06-14 23:18:26,900 - [INFO] - from play in play-internal-execution-context-28 
database [default] connected at jdbc:h2:mem:play

2014-06-14 23:18:26,990 - [INFO] - from play in play-internal-execution-context-28 
Application started (Dev)

2014-06-14 23:18:27,516 - [DEBUG] - from application in play-akka.actor.default-dispatcher-255 
Unforseen error for img/glyphicons-halflings.png at /public
java.lang.RuntimeException: no resource
	at controllers.Assets$$anonfun$controllers$Assets$$assetInfoFromResource$1$$anonfun$10.apply(Assets.scala:214) ~[play_2.11-2.3.0.jar:2.3.0]
	at controllers.Assets$$anonfun$controllers$Assets$$assetInfoFromResource$1$$anonfun$10.apply(Assets.scala:214) ~[play_2.11-2.3.0.jar:2.3.0]
	at scala.Option.getOrElse(Option.scala:120) [scala-library-2.11.1.jar:na]
	at controllers.Assets$$anonfun$controllers$Assets$$assetInfoFromResource$1.apply(Assets.scala:214) ~[play_2.11-2.3.0.jar:2.3.0]
	at controllers.Assets$$anonfun$controllers$Assets$$assetInfoFromResource$1.apply(Assets.scala:213) ~[play_2.11-2.3.0.jar:2.3.0]
	at akka.dispatch.MonitorableThreadFactory$AkkaForkJoinWorkerThread$$anon$3.block(ThreadPoolBuilder.scala:169) ~[akka-actor_2.11-2.3.3.jar:na]
	at scala.concurrent.forkjoin.ForkJoinPool.managedBlock(ForkJoinPool.java:3640) [scala-library-2.11.1.jar:na]
	at akka.dispatch.MonitorableThreadFactory$AkkaForkJoinWorkerThread.blockOn(ThreadPoolBuilder.scala:167) ~[akka-actor_2.11-2.3.3.jar:na]
	at scala.concurrent.package$.blocking(package.scala:54) ~[scala-library-2.11.1.jar:na]
	at controllers.Assets$.controllers$Assets$$assetInfoFromResource(Assets.scala:213) ~[play_2.11-2.3.0.jar:2.3.0]
	at controllers.Assets$.assetInfo(Assets.scala:222) ~[play_2.11-2.3.0.jar:2.3.0]
	at controllers.Assets$.assetInfoForRequest(Assets.scala:230) ~[play_2.11-2.3.0.jar:2.3.0]
	at controllers.AssetsBuilder$$anonfun$at$1$$anonfun$15.apply(Assets.scala:352) ~[play_2.11-2.3.0.jar:2.3.0]
	at controllers.AssetsBuilder$$anonfun$at$1$$anonfun$15.apply(Assets.scala:351) ~[play_2.11-2.3.0.jar:2.3.0]
	at scala.concurrent.Future$$anonfun$flatMap$1.apply(Future.scala:251) ~[scala-library-2.11.1.jar:na]
	at scala.concurrent.Future$$anonfun$flatMap$1.apply(Future.scala:249) ~[scala-library-2.11.1.jar:na]
	at scala.concurrent.impl.CallbackRunnable.run(Promise.scala:32) ~[scala-library-2.11.1.jar:na]
	at play.api.libs.iteratee.Execution$trampoline$.execute(Execution.scala:46) ~[play-iteratees_2.11-2.3.0.jar:2.3.0]
	at scala.concurrent.impl.CallbackRunnable.executeWithValue(Promise.scala:40) ~[scala-library-2.11.1.jar:na]
	at scala.concurrent.impl.Promise$DefaultPromise.scala$concurrent$impl$Promise$DefaultPromise$$dispatchOrAddCallback(Promise.scala:280) ~[scala-library-2.11.1.jar:na]
	at scala.concurrent.impl.Promise$DefaultPromise.onComplete(Promise.scala:270) ~[scala-library-2.11.1.jar:na]
	at scala.concurrent.Future$class.flatMap(Future.scala:249) ~[scala-library-2.11.1.jar:na]
	at scala.concurrent.impl.Promise$DefaultPromise.flatMap(Promise.scala:153) ~[scala-library-2.11.1.jar:na]
	at controllers.AssetsBuilder$$anonfun$at$1.apply(Assets.scala:351) [play_2.11-2.3.0.jar:2.3.0]
	at controllers.AssetsBuilder$$anonfun$at$1.apply(Assets.scala:347) [play_2.11-2.3.0.jar:2.3.0]
	at play.api.mvc.Action$.invokeBlock(Action.scala:556) [play_2.11-2.3.0.jar:2.3.0]
	at play.api.mvc.Action$.invokeBlock(Action.scala:555) [play_2.11-2.3.0.jar:2.3.0]
	at play.api.mvc.ActionBuilder$$anon$1.apply(Action.scala:518) [play_2.11-2.3.0.jar:2.3.0]
	at play.api.mvc.Action$$anonfun$apply$1$$anonfun$apply$4$$anonfun$apply$5.apply(Action.scala:130) [play_2.11-2.3.0.jar:2.3.0]
	at play.api.mvc.Action$$anonfun$apply$1$$anonfun$apply$4$$anonfun$apply$5.apply(Action.scala:130) [play_2.11-2.3.0.jar:2.3.0]
	at play.utils.Threads$.withContextClassLoader(Threads.scala:21) [play_2.11-2.3.0.jar:2.3.0]
	at play.api.mvc.Action$$anonfun$apply$1$$anonfun$apply$4.apply(Action.scala:129) [play_2.11-2.3.0.jar:2.3.0]
	at play.api.mvc.Action$$anonfun$apply$1$$anonfun$apply$4.apply(Action.scala:128) [play_2.11-2.3.0.jar:2.3.0]
	at scala.Option.map(Option.scala:145) [scala-library-2.11.1.jar:na]
	at play.api.mvc.Action$$anonfun$apply$1.apply(Action.scala:128) [play_2.11-2.3.0.jar:2.3.0]
	at play.api.mvc.Action$$anonfun$apply$1.apply(Action.scala:121) [play_2.11-2.3.0.jar:2.3.0]
	at play.api.libs.iteratee.DoneIteratee$$anonfun$mapM$2.apply(Iteratee.scala:705) [play-iteratees_2.11-2.3.0.jar:2.3.0]
	at play.api.libs.iteratee.DoneIteratee$$anonfun$mapM$2.apply(Iteratee.scala:705) [play-iteratees_2.11-2.3.0.jar:2.3.0]
	at scala.concurrent.impl.Future$PromiseCompletingRunnable.liftedTree1$1(Future.scala:24) [scala-library-2.11.1.jar:na]
	at scala.concurrent.impl.Future$PromiseCompletingRunnable.run(Future.scala:24) [scala-library-2.11.1.jar:na]
	at akka.dispatch.TaskInvocation.run(AbstractDispatcher.scala:41) [akka-actor_2.11-2.3.3.jar:na]
	at akka.dispatch.ForkJoinExecutorConfigurator$AkkaForkJoinTask.exec(AbstractDispatcher.scala:393) [akka-actor_2.11-2.3.3.jar:na]
	at scala.concurrent.forkjoin.ForkJoinTask.doExec(ForkJoinTask.java:260) [scala-library-2.11.1.jar:na]
	at scala.concurrent.forkjoin.ForkJoinPool$WorkQueue.runTask(ForkJoinPool.java:1339) [scala-library-2.11.1.jar:na]
	at scala.concurrent.forkjoin.ForkJoinPool.runWorker(ForkJoinPool.java:1979) [scala-library-2.11.1.jar:na]
	at scala.concurrent.forkjoin.ForkJoinWorkerThread.run(ForkJoinWorkerThread.java:107) [scala-library-2.11.1.jar:na]

